{
  "/Users/User/Projects/connor-devlin-portfolio/pages/api/logger.js": {
    "path": "/Users/User/Projects/connor-devlin-portfolio/pages/api/logger.js",
    "statementMap": {
      "0": {
        "start": {
          "line": 5,
          "column": 2
        },
        "end": {
          "line": 9,
          "column": 5
        }
      },
      "1": {
        "start": {
          "line": 13,
          "column": 2
        },
        "end": {
          "line": 13,
          "column": 33
        }
      }
    },
    "fnMap": {
      "0": {
        "name": "init",
        "decl": {
          "start": {
            "line": 4,
            "column": 9
          },
          "end": {
            "line": 4,
            "column": 13
          }
        },
        "loc": {
          "start": {
            "line": 4,
            "column": 16
          },
          "end": {
            "line": 10,
            "column": 1
          }
        },
        "line": 4
      },
      "1": {
        "name": "log",
        "decl": {
          "start": {
            "line": 12,
            "column": 9
          },
          "end": {
            "line": 12,
            "column": 12
          }
        },
        "loc": {
          "start": {
            "line": 12,
            "column": 20
          },
          "end": {
            "line": 14,
            "column": 1
          }
        },
        "line": 12
      }
    },
    "branchMap": {},
    "s": {
      "0": 1,
      "1": 0
    },
    "f": {
      "0": 1,
      "1": 0
    },
    "b": {},
    "_coverageSchema": "1a1c01bbd47fc00a2c39e90264f33305004495a9",
    "hash": "d1e84b12250905aed6a9b2a70ed9ebcc7aacd355"
  },
  "/Users/User/Projects/connor-devlin-portfolio/globalStyle.js": {
    "path": "/Users/User/Projects/connor-devlin-portfolio/globalStyle.js",
    "statementMap": {
      "0": {
        "start": {
          "line": 5,
          "column": 27
        },
        "end": {
          "line": 165,
          "column": 1
        }
      }
    },
    "fnMap": {},
    "branchMap": {},
    "s": {
      "0": 1
    },
    "f": {},
    "b": {},
    "_coverageSchema": "1a1c01bbd47fc00a2c39e90264f33305004495a9",
    "hash": "00531811cf7ccd638961eda8172c52591b4ebd2c"
  },
  "/Users/User/Projects/connor-devlin-portfolio/context/appContext.js": {
    "path": "/Users/User/Projects/connor-devlin-portfolio/context/appContext.js",
    "statementMap": {
      "0": {
        "start": {
          "line": 3,
          "column": 19
        },
        "end": {
          "line": 3,
          "column": 34
        }
      },
      "1": {
        "start": {
          "line": 4,
          "column": 0
        },
        "end": {
          "line": 4,
          "column": 38
        }
      }
    },
    "fnMap": {},
    "branchMap": {},
    "s": {
      "0": 1,
      "1": 1
    },
    "f": {},
    "b": {},
    "_coverageSchema": "1a1c01bbd47fc00a2c39e90264f33305004495a9",
    "hash": "4c59373e93e0548404239d9603239aafe1618a59"
  },
  "/Users/User/Projects/connor-devlin-portfolio/components/common/imageLoader.jsx": {
    "path": "/Users/User/Projects/connor-devlin-portfolio/components/common/imageLoader.jsx",
    "statementMap": {
      "0": {
        "start": {
          "line": 7,
          "column": 20
        },
        "end": {
          "line": 148,
          "column": 1
        }
      },
      "1": {
        "start": {
          "line": 33,
          "column": 34
        },
        "end": {
          "line": 33,
          "column": 49
        }
      },
      "2": {
        "start": {
          "line": 34,
          "column": 62
        },
        "end": {
          "line": 34,
          "column": 77
        }
      },
      "3": {
        "start": {
          "line": 36,
          "column": 33
        },
        "end": {
          "line": 39,
          "column": 4
        }
      },
      "4": {
        "start": {
          "line": 41,
          "column": 2
        },
        "end": {
          "line": 49,
          "column": 14
        }
      },
      "5": {
        "start": {
          "line": 42,
          "column": 4
        },
        "end": {
          "line": 48,
          "column": 5
        }
      },
      "6": {
        "start": {
          "line": 43,
          "column": 6
        },
        "end": {
          "line": 47,
          "column": 7
        }
      },
      "7": {
        "start": {
          "line": 44,
          "column": 8
        },
        "end": {
          "line": 46,
          "column": 9
        }
      },
      "8": {
        "start": {
          "line": 45,
          "column": 10
        },
        "end": {
          "line": 45,
          "column": 31
        }
      },
      "9": {
        "start": {
          "line": 51,
          "column": 17
        },
        "end": {
          "line": 56,
          "column": 3
        }
      },
      "10": {
        "start": {
          "line": 52,
          "column": 4
        },
        "end": {
          "line": 52,
          "column": 22
        }
      },
      "11": {
        "start": {
          "line": 53,
          "column": 4
        },
        "end": {
          "line": 55,
          "column": 5
        }
      },
      "12": {
        "start": {
          "line": 54,
          "column": 6
        },
        "end": {
          "line": 54,
          "column": 28
        }
      },
      "13": {
        "start": {
          "line": 58,
          "column": 17
        },
        "end": {
          "line": 61,
          "column": 3
        }
      },
      "14": {
        "start": {
          "line": 63,
          "column": 16
        },
        "end": {
          "line": 81,
          "column": 3
        }
      },
      "15": {
        "start": {
          "line": 83,
          "column": 21
        },
        "end": {
          "line": 85,
          "column": 3
        }
      },
      "16": {
        "start": {
          "line": 84,
          "column": 4
        },
        "end": {
          "line": 84,
          "column": 36
        }
      },
      "17": {
        "start": {
          "line": 87,
          "column": 2
        },
        "end": {
          "line": 147,
          "column": 4
        }
      },
      "18": {
        "start": {
          "line": 152,
          "column": 23
        },
        "end": {
          "line": 162,
          "column": 1
        }
      },
      "19": {
        "start": {
          "line": 156,
          "column": 34
        },
        "end": {
          "line": 156,
          "column": 62
        }
      },
      "20": {
        "start": {
          "line": 157,
          "column": 27
        },
        "end": {
          "line": 157,
          "column": 49
        }
      },
      "21": {
        "start": {
          "line": 160,
          "column": 34
        },
        "end": {
          "line": 160,
          "column": 63
        }
      },
      "22": {
        "start": {
          "line": 161,
          "column": 34
        },
        "end": {
          "line": 161,
          "column": 59
        }
      },
      "23": {
        "start": {
          "line": 164,
          "column": 20
        },
        "end": {
          "line": 170,
          "column": 1
        }
      },
      "24": {
        "start": {
          "line": 167,
          "column": 4
        },
        "end": {
          "line": 167,
          "column": 46
        }
      },
      "25": {
        "start": {
          "line": 169,
          "column": 42
        },
        "end": {
          "line": 169,
          "column": 77
        }
      },
      "26": {
        "start": {
          "line": 172,
          "column": 13
        },
        "end": {
          "line": 185,
          "column": 1
        }
      },
      "27": {
        "start": {
          "line": 175,
          "column": 31
        },
        "end": {
          "line": 175,
          "column": 56
        }
      },
      "28": {
        "start": {
          "line": 177,
          "column": 37
        },
        "end": {
          "line": 177,
          "column": 49
        }
      },
      "29": {
        "start": {
          "line": 178,
          "column": 39
        },
        "end": {
          "line": 178,
          "column": 52
        }
      },
      "30": {
        "start": {
          "line": 183,
          "column": 30
        },
        "end": {
          "line": 183,
          "column": 59
        }
      },
      "31": {
        "start": {
          "line": 187,
          "column": 14
        },
        "end": {
          "line": 203,
          "column": 3
        }
      },
      "32": {
        "start": {
          "line": 198,
          "column": 42
        },
        "end": {
          "line": 198,
          "column": 77
        }
      },
      "33": {
        "start": {
          "line": 200,
          "column": 30
        },
        "end": {
          "line": 200,
          "column": 59
        }
      }
    },
    "fnMap": {
      "0": {
        "name": "(anonymous_0)",
        "decl": {
          "start": {
            "line": 7,
            "column": 20
          },
          "end": {
            "line": 7,
            "column": 21
          }
        },
        "loc": {
          "start": {
            "line": 32,
            "column": 6
          },
          "end": {
            "line": 148,
            "column": 1
          }
        },
        "line": 32
      },
      "1": {
        "name": "(anonymous_1)",
        "decl": {
          "start": {
            "line": 41,
            "column": 12
          },
          "end": {
            "line": 41,
            "column": 13
          }
        },
        "loc": {
          "start": {
            "line": 41,
            "column": 18
          },
          "end": {
            "line": 49,
            "column": 3
          }
        },
        "line": 41
      },
      "2": {
        "name": "(anonymous_2)",
        "decl": {
          "start": {
            "line": 51,
            "column": 17
          },
          "end": {
            "line": 51,
            "column": 18
          }
        },
        "loc": {
          "start": {
            "line": 51,
            "column": 23
          },
          "end": {
            "line": 56,
            "column": 3
          }
        },
        "line": 51
      },
      "3": {
        "name": "(anonymous_3)",
        "decl": {
          "start": {
            "line": 83,
            "column": 21
          },
          "end": {
            "line": 83,
            "column": 22
          }
        },
        "loc": {
          "start": {
            "line": 83,
            "column": 27
          },
          "end": {
            "line": 85,
            "column": 3
          }
        },
        "line": 83
      },
      "4": {
        "name": "(anonymous_4)",
        "decl": {
          "start": {
            "line": 156,
            "column": 15
          },
          "end": {
            "line": 156,
            "column": 16
          }
        },
        "loc": {
          "start": {
            "line": 156,
            "column": 34
          },
          "end": {
            "line": 156,
            "column": 62
          }
        },
        "line": 156
      },
      "5": {
        "name": "(anonymous_5)",
        "decl": {
          "start": {
            "line": 157,
            "column": 11
          },
          "end": {
            "line": 157,
            "column": 12
          }
        },
        "loc": {
          "start": {
            "line": 157,
            "column": 27
          },
          "end": {
            "line": 157,
            "column": 49
          }
        },
        "line": 157
      },
      "6": {
        "name": "(anonymous_6)",
        "decl": {
          "start": {
            "line": 160,
            "column": 12
          },
          "end": {
            "line": 160,
            "column": 13
          }
        },
        "loc": {
          "start": {
            "line": 160,
            "column": 34
          },
          "end": {
            "line": 160,
            "column": 63
          }
        },
        "line": 160
      },
      "7": {
        "name": "(anonymous_7)",
        "decl": {
          "start": {
            "line": 161,
            "column": 13
          },
          "end": {
            "line": 161,
            "column": 14
          }
        },
        "loc": {
          "start": {
            "line": 161,
            "column": 34
          },
          "end": {
            "line": 161,
            "column": 59
          }
        },
        "line": 161
      },
      "8": {
        "name": "(anonymous_8)",
        "decl": {
          "start": {
            "line": 166,
            "column": 20
          },
          "end": {
            "line": 166,
            "column": 21
          }
        },
        "loc": {
          "start": {
            "line": 167,
            "column": 4
          },
          "end": {
            "line": 167,
            "column": 46
          }
        },
        "line": 167
      },
      "9": {
        "name": "(anonymous_9)",
        "decl": {
          "start": {
            "line": 169,
            "column": 19
          },
          "end": {
            "line": 169,
            "column": 20
          }
        },
        "loc": {
          "start": {
            "line": 169,
            "column": 42
          },
          "end": {
            "line": 169,
            "column": 77
          }
        },
        "line": 169
      },
      "10": {
        "name": "(anonymous_10)",
        "decl": {
          "start": {
            "line": 175,
            "column": 13
          },
          "end": {
            "line": 175,
            "column": 14
          }
        },
        "loc": {
          "start": {
            "line": 175,
            "column": 31
          },
          "end": {
            "line": 175,
            "column": 56
          }
        },
        "line": 175
      },
      "11": {
        "name": "(anonymous_11)",
        "decl": {
          "start": {
            "line": 177,
            "column": 15
          },
          "end": {
            "line": 177,
            "column": 16
          }
        },
        "loc": {
          "start": {
            "line": 177,
            "column": 37
          },
          "end": {
            "line": 177,
            "column": 49
          }
        },
        "line": 177
      },
      "12": {
        "name": "(anonymous_12)",
        "decl": {
          "start": {
            "line": 178,
            "column": 16
          },
          "end": {
            "line": 178,
            "column": 17
          }
        },
        "loc": {
          "start": {
            "line": 178,
            "column": 39
          },
          "end": {
            "line": 178,
            "column": 52
          }
        },
        "line": 178
      },
      "13": {
        "name": "(anonymous_13)",
        "decl": {
          "start": {
            "line": 183,
            "column": 14
          },
          "end": {
            "line": 183,
            "column": 15
          }
        },
        "loc": {
          "start": {
            "line": 183,
            "column": 30
          },
          "end": {
            "line": 183,
            "column": 59
          }
        },
        "line": 183
      },
      "14": {
        "name": "(anonymous_14)",
        "decl": {
          "start": {
            "line": 198,
            "column": 19
          },
          "end": {
            "line": 198,
            "column": 20
          }
        },
        "loc": {
          "start": {
            "line": 198,
            "column": 42
          },
          "end": {
            "line": 198,
            "column": 77
          }
        },
        "line": 198
      },
      "15": {
        "name": "(anonymous_15)",
        "decl": {
          "start": {
            "line": 200,
            "column": 14
          },
          "end": {
            "line": 200,
            "column": 15
          }
        },
        "loc": {
          "start": {
            "line": 200,
            "column": 30
          },
          "end": {
            "line": 200,
            "column": 59
          }
        },
        "line": 200
      }
    },
    "branchMap": {
      "0": {
        "loc": {
          "start": {
            "line": 42,
            "column": 4
          },
          "end": {
            "line": 48,
            "column": 5
          }
        },
        "type": "if",
        "locations": [
          {
            "start": {
              "line": 42,
              "column": 4
            },
            "end": {
              "line": 48,
              "column": 5
            }
          },
          {
            "start": {
              "line": 42,
              "column": 4
            },
            "end": {
              "line": 48,
              "column": 5
            }
          }
        ],
        "line": 42
      },
      "1": {
        "loc": {
          "start": {
            "line": 42,
            "column": 8
          },
          "end": {
            "line": 42,
            "column": 35
          }
        },
        "type": "binary-expr",
        "locations": [
          {
            "start": {
              "line": 42,
              "column": 8
            },
            "end": {
              "line": 42,
              "column": 13
            }
          },
          {
            "start": {
              "line": 42,
              "column": 17
            },
            "end": {
              "line": 42,
              "column": 35
            }
          }
        ],
        "line": 42
      },
      "2": {
        "loc": {
          "start": {
            "line": 43,
            "column": 6
          },
          "end": {
            "line": 47,
            "column": 7
          }
        },
        "type": "if",
        "locations": [
          {
            "start": {
              "line": 43,
              "column": 6
            },
            "end": {
              "line": 47,
              "column": 7
            }
          },
          {
            "start": {
              "line": 43,
              "column": 6
            },
            "end": {
              "line": 47,
              "column": 7
            }
          }
        ],
        "line": 43
      },
      "3": {
        "loc": {
          "start": {
            "line": 43,
            "column": 10
          },
          "end": {
            "line": 43,
            "column": 54
          }
        },
        "type": "binary-expr",
        "locations": [
          {
            "start": {
              "line": 43,
              "column": 10
            },
            "end": {
              "line": 43,
              "column": 34
            }
          },
          {
            "start": {
              "line": 43,
              "column": 38
            },
            "end": {
              "line": 43,
              "column": 54
            }
          }
        ],
        "line": 43
      },
      "4": {
        "loc": {
          "start": {
            "line": 44,
            "column": 8
          },
          "end": {
            "line": 46,
            "column": 9
          }
        },
        "type": "if",
        "locations": [
          {
            "start": {
              "line": 44,
              "column": 8
            },
            "end": {
              "line": 46,
              "column": 9
            }
          },
          {
            "start": {
              "line": 44,
              "column": 8
            },
            "end": {
              "line": 46,
              "column": 9
            }
          }
        ],
        "line": 44
      },
      "5": {
        "loc": {
          "start": {
            "line": 53,
            "column": 4
          },
          "end": {
            "line": 55,
            "column": 5
          }
        },
        "type": "if",
        "locations": [
          {
            "start": {
              "line": 53,
              "column": 4
            },
            "end": {
              "line": 55,
              "column": 5
            }
          },
          {
            "start": {
              "line": 53,
              "column": 4
            },
            "end": {
              "line": 55,
              "column": 5
            }
          }
        ],
        "line": 53
      },
      "6": {
        "loc": {
          "start": {
            "line": 66,
            "column": 13
          },
          "end": {
            "line": 66,
            "column": 77
          }
        },
        "type": "cond-expr",
        "locations": [
          {
            "start": {
              "line": 66,
              "column": 38
            },
            "end": {
              "line": 66,
              "column": 41
            }
          },
          {
            "start": {
              "line": 66,
              "column": 44
            },
            "end": {
              "line": 66,
              "column": 77
            }
          }
        ],
        "line": 66
      },
      "7": {
        "loc": {
          "start": {
            "line": 104,
            "column": 7
          },
          "end": {
            "line": 124,
            "column": 7
          }
        },
        "type": "binary-expr",
        "locations": [
          {
            "start": {
              "line": 104,
              "column": 7
            },
            "end": {
              "line": 104,
              "column": 13
            }
          },
          {
            "start": {
              "line": 105,
              "column": 8
            },
            "end": {
              "line": 123,
              "column": 10
            }
          }
        ],
        "line": 104
      },
      "8": {
        "loc": {
          "start": {
            "line": 126,
            "column": 7
          },
          "end": {
            "line": 145,
            "column": 7
          }
        },
        "type": "binary-expr",
        "locations": [
          {
            "start": {
              "line": 126,
              "column": 7
            },
            "end": {
              "line": 126,
              "column": 13
            }
          },
          {
            "start": {
              "line": 127,
              "column": 8
            },
            "end": {
              "line": 144,
              "column": 10
            }
          }
        ],
        "line": 126
      },
      "9": {
        "loc": {
          "start": {
            "line": 156,
            "column": 34
          },
          "end": {
            "line": 156,
            "column": 62
          }
        },
        "type": "cond-expr",
        "locations": [
          {
            "start": {
              "line": 156,
              "column": 45
            },
            "end": {
              "line": 156,
              "column": 53
            }
          },
          {
            "start": {
              "line": 156,
              "column": 56
            },
            "end": {
              "line": 156,
              "column": 62
            }
          }
        ],
        "line": 156
      },
      "10": {
        "loc": {
          "start": {
            "line": 157,
            "column": 27
          },
          "end": {
            "line": 157,
            "column": 49
          }
        },
        "type": "cond-expr",
        "locations": [
          {
            "start": {
              "line": 157,
              "column": 35
            },
            "end": {
              "line": 157,
              "column": 40
            }
          },
          {
            "start": {
              "line": 157,
              "column": 43
            },
            "end": {
              "line": 157,
              "column": 49
            }
          }
        ],
        "line": 157
      },
      "11": {
        "loc": {
          "start": {
            "line": 160,
            "column": 34
          },
          "end": {
            "line": 160,
            "column": 63
          }
        },
        "type": "cond-expr",
        "locations": [
          {
            "start": {
              "line": 160,
              "column": 48
            },
            "end": {
              "line": 160,
              "column": 54
            }
          },
          {
            "start": {
              "line": 160,
              "column": 57
            },
            "end": {
              "line": 160,
              "column": 63
            }
          }
        ],
        "line": 160
      },
      "12": {
        "loc": {
          "start": {
            "line": 161,
            "column": 34
          },
          "end": {
            "line": 161,
            "column": 59
          }
        },
        "type": "cond-expr",
        "locations": [
          {
            "start": {
              "line": 161,
              "column": 47
            },
            "end": {
              "line": 161,
              "column": 53
            }
          },
          {
            "start": {
              "line": 161,
              "column": 56
            },
            "end": {
              "line": 161,
              "column": 59
            }
          }
        ],
        "line": 161
      },
      "13": {
        "loc": {
          "start": {
            "line": 167,
            "column": 4
          },
          "end": {
            "line": 167,
            "column": 46
          }
        },
        "type": "cond-expr",
        "locations": [
          {
            "start": {
              "line": 167,
              "column": 22
            },
            "end": {
              "line": 167,
              "column": 37
            }
          },
          {
            "start": {
              "line": 167,
              "column": 40
            },
            "end": {
              "line": 167,
              "column": 46
            }
          }
        ],
        "line": 167
      },
      "14": {
        "loc": {
          "start": {
            "line": 169,
            "column": 42
          },
          "end": {
            "line": 169,
            "column": 77
          }
        },
        "type": "cond-expr",
        "locations": [
          {
            "start": {
              "line": 169,
              "column": 57
            },
            "end": {
              "line": 169,
              "column": 69
            }
          },
          {
            "start": {
              "line": 169,
              "column": 72
            },
            "end": {
              "line": 169,
              "column": 77
            }
          }
        ],
        "line": 169
      },
      "15": {
        "loc": {
          "start": {
            "line": 175,
            "column": 31
          },
          "end": {
            "line": 175,
            "column": 56
          }
        },
        "type": "cond-expr",
        "locations": [
          {
            "start": {
              "line": 175,
              "column": 41
            },
            "end": {
              "line": 175,
              "column": 47
            }
          },
          {
            "start": {
              "line": 175,
              "column": 50
            },
            "end": {
              "line": 175,
              "column": 56
            }
          }
        ],
        "line": 175
      },
      "16": {
        "loc": {
          "start": {
            "line": 183,
            "column": 30
          },
          "end": {
            "line": 183,
            "column": 59
          }
        },
        "type": "cond-expr",
        "locations": [
          {
            "start": {
              "line": 183,
              "column": 38
            },
            "end": {
              "line": 183,
              "column": 47
            }
          },
          {
            "start": {
              "line": 183,
              "column": 50
            },
            "end": {
              "line": 183,
              "column": 59
            }
          }
        ],
        "line": 183
      },
      "17": {
        "loc": {
          "start": {
            "line": 198,
            "column": 42
          },
          "end": {
            "line": 198,
            "column": 77
          }
        },
        "type": "cond-expr",
        "locations": [
          {
            "start": {
              "line": 198,
              "column": 57
            },
            "end": {
              "line": 198,
              "column": 69
            }
          },
          {
            "start": {
              "line": 198,
              "column": 72
            },
            "end": {
              "line": 198,
              "column": 77
            }
          }
        ],
        "line": 198
      },
      "18": {
        "loc": {
          "start": {
            "line": 200,
            "column": 30
          },
          "end": {
            "line": 200,
            "column": 59
          }
        },
        "type": "cond-expr",
        "locations": [
          {
            "start": {
              "line": 200,
              "column": 38
            },
            "end": {
              "line": 200,
              "column": 47
            }
          },
          {
            "start": {
              "line": 200,
              "column": 50
            },
            "end": {
              "line": 200,
              "column": 59
            }
          }
        ],
        "line": 200
      }
    },
    "s": {
      "0": 1,
      "1": 21,
      "2": 21,
      "3": 21,
      "4": 21,
      "5": 8,
      "6": 3,
      "7": 3,
      "8": 0,
      "9": 21,
      "10": 4,
      "11": 4,
      "12": 3,
      "13": 21,
      "14": 21,
      "15": 21,
      "16": 4,
      "17": 21,
      "18": 1,
      "19": 21,
      "20": 21,
      "21": 21,
      "22": 21,
      "23": 1,
      "24": 21,
      "25": 21,
      "26": 1,
      "27": 14,
      "28": 14,
      "29": 14,
      "30": 14,
      "31": 1,
      "32": 14,
      "33": 14
    },
    "f": {
      "0": 21,
      "1": 8,
      "2": 4,
      "3": 4,
      "4": 21,
      "5": 21,
      "6": 21,
      "7": 21,
      "8": 21,
      "9": 21,
      "10": 14,
      "11": 14,
      "12": 14,
      "13": 14,
      "14": 14,
      "15": 14
    },
    "b": {
      "0": [
        3,
        5
      ],
      "1": [
        8,
        4
      ],
      "2": [
        3,
        0
      ],
      "3": [
        3,
        3
      ],
      "4": [
        0,
        3
      ],
      "5": [
        3,
        1
      ],
      "6": [
        5,
        16
      ],
      "7": [
        21,
        14
      ],
      "8": [
        21,
        14
      ],
      "9": [
        17,
        4
      ],
      "10": [
        4,
        17
      ],
      "11": [
        0,
        21
      ],
      "12": [
        0,
        21
      ],
      "13": [
        21,
        0
      ],
      "14": [
        17,
        4
      ],
      "15": [
        11,
        3
      ],
      "16": [
        14,
        0
      ],
      "17": [
        11,
        3
      ],
      "18": [
        14,
        0
      ]
    },
    "_coverageSchema": "1a1c01bbd47fc00a2c39e90264f33305004495a9",
    "hash": "9ccfe5ff8fe4dd5de6474c0deffaddb2edd357c3"
  },
  "/Users/User/Projects/connor-devlin-portfolio/pages/api/auth.js": {
    "path": "/Users/User/Projects/connor-devlin-portfolio/pages/api/auth.js",
    "statementMap": {
      "0": {
        "start": {
          "line": 6,
          "column": 16
        },
        "end": {
          "line": 13,
          "column": 1
        }
      },
      "1": {
        "start": {
          "line": 15,
          "column": 0
        },
        "end": {
          "line": 17,
          "column": 1
        }
      },
      "2": {
        "start": {
          "line": 16,
          "column": 2
        },
        "end": {
          "line": 16,
          "column": 34
        }
      },
      "3": {
        "start": {
          "line": 20,
          "column": 19
        },
        "end": {
          "line": 28,
          "column": 3
        }
      },
      "4": {
        "start": {
          "line": 29,
          "column": 2
        },
        "end": {
          "line": 29,
          "column": 49
        }
      },
      "5": {
        "start": {
          "line": 30,
          "column": 2
        },
        "end": {
          "line": 30,
          "column": 14
        }
      },
      "6": {
        "start": {
          "line": 34,
          "column": 2
        },
        "end": {
          "line": 39,
          "column": 3
        }
      },
      "7": {
        "start": {
          "line": 35,
          "column": 16
        },
        "end": {
          "line": 35,
          "column": 48
        }
      },
      "8": {
        "start": {
          "line": 36,
          "column": 4
        },
        "end": {
          "line": 36,
          "column": 26
        }
      },
      "9": {
        "start": {
          "line": 38,
          "column": 4
        },
        "end": {
          "line": 38,
          "column": 16
        }
      },
      "10": {
        "start": {
          "line": 43,
          "column": 2
        },
        "end": {
          "line": 43,
          "column": 38
        }
      }
    },
    "fnMap": {
      "0": {
        "name": "signIn",
        "decl": {
          "start": {
            "line": 19,
            "column": 22
          },
          "end": {
            "line": 19,
            "column": 28
          }
        },
        "loc": {
          "start": {
            "line": 19,
            "column": 39
          },
          "end": {
            "line": 31,
            "column": 1
          }
        },
        "line": 19
      },
      "1": {
        "name": "getCurrentUser",
        "decl": {
          "start": {
            "line": 33,
            "column": 16
          },
          "end": {
            "line": 33,
            "column": 30
          }
        },
        "loc": {
          "start": {
            "line": 33,
            "column": 33
          },
          "end": {
            "line": 40,
            "column": 1
          }
        },
        "line": 33
      },
      "2": {
        "name": "signOut",
        "decl": {
          "start": {
            "line": 42,
            "column": 16
          },
          "end": {
            "line": 42,
            "column": 23
          }
        },
        "loc": {
          "start": {
            "line": 42,
            "column": 26
          },
          "end": {
            "line": 44,
            "column": 1
          }
        },
        "line": 42
      }
    },
    "branchMap": {
      "0": {
        "loc": {
          "start": {
            "line": 15,
            "column": 0
          },
          "end": {
            "line": 17,
            "column": 1
          }
        },
        "type": "if",
        "locations": [
          {
            "start": {
              "line": 15,
              "column": 0
            },
            "end": {
              "line": 17,
              "column": 1
            }
          },
          {
            "start": {
              "line": 15,
              "column": 0
            },
            "end": {
              "line": 17,
              "column": 1
            }
          }
        ],
        "line": 15
      }
    },
    "s": {
      "0": 1,
      "1": 1,
      "2": 1,
      "3": 0,
      "4": 0,
      "5": 0,
      "6": 1,
      "7": 1,
      "8": 1,
      "9": 1,
      "10": 0
    },
    "f": {
      "0": 0,
      "1": 1,
      "2": 0
    },
    "b": {
      "0": [
        1,
        0
      ]
    },
    "_coverageSchema": "1a1c01bbd47fc00a2c39e90264f33305004495a9",
    "hash": "584422d8ebb99d62a631996bdcc75ad364f9ff54"
  },
  "/Users/User/Projects/connor-devlin-portfolio/components/common/burgerBar.js": {
    "path": "/Users/User/Projects/connor-devlin-portfolio/components/common/burgerBar.js",
    "statementMap": {
      "0": {
        "start": {
          "line": 7,
          "column": 18
        },
        "end": {
          "line": 72,
          "column": 1
        }
      },
      "1": {
        "start": {
          "line": 9,
          "column": 23
        },
        "end": {
          "line": 9,
          "column": 35
        }
      },
      "2": {
        "start": {
          "line": 10,
          "column": 28
        },
        "end": {
          "line": 10,
          "column": 42
        }
      },
      "3": {
        "start": {
          "line": 11,
          "column": 4
        },
        "end": {
          "line": 14,
          "column": 21
        }
      },
      "4": {
        "start": {
          "line": 12,
          "column": 26
        },
        "end": {
          "line": 12,
          "column": 42
        }
      },
      "5": {
        "start": {
          "line": 13,
          "column": 6
        },
        "end": {
          "line": 13,
          "column": 27
        }
      },
      "6": {
        "start": {
          "line": 16,
          "column": 20
        },
        "end": {
          "line": 19,
          "column": 5
        }
      },
      "7": {
        "start": {
          "line": 17,
          "column": 6
        },
        "end": {
          "line": 17,
          "column": 26
        }
      },
      "8": {
        "start": {
          "line": 18,
          "column": 6
        },
        "end": {
          "line": 18,
          "column": 39
        }
      },
      "9": {
        "start": {
          "line": 21,
          "column": 4
        },
        "end": {
          "line": 70,
          "column": 6
        }
      },
      "10": {
        "start": {
          "line": 35,
          "column": 14
        },
        "end": {
          "line": 39,
          "column": 21
        }
      },
      "11": {
        "start": {
          "line": 44,
          "column": 16
        },
        "end": {
          "line": 53,
          "column": 23
        }
      },
      "12": {
        "start": {
          "line": 76,
          "column": 20
        },
        "end": {
          "line": 82,
          "column": 1
        }
      },
      "13": {
        "start": {
          "line": 79,
          "column": 5
        },
        "end": {
          "line": 79,
          "column": 48
        }
      },
      "14": {
        "start": {
          "line": 84,
          "column": 18
        },
        "end": {
          "line": 93,
          "column": 1
        }
      },
      "15": {
        "start": {
          "line": 95,
          "column": 15
        },
        "end": {
          "line": 113,
          "column": 1
        }
      },
      "16": {
        "start": {
          "line": 115,
          "column": 20
        },
        "end": {
          "line": 164,
          "column": 1
        }
      },
      "17": {
        "start": {
          "line": 117,
          "column": 32
        },
        "end": {
          "line": 117,
          "column": 60
        }
      },
      "18": {
        "start": {
          "line": 123,
          "column": 37
        },
        "end": {
          "line": 123,
          "column": 59
        }
      },
      "19": {
        "start": {
          "line": 125,
          "column": 4
        },
        "end": {
          "line": 127,
          "column": 45
        }
      },
      "20": {
        "start": {
          "line": 143,
          "column": 39
        },
        "end": {
          "line": 143,
          "column": 61
        }
      },
      "21": {
        "start": {
          "line": 144,
          "column": 40
        },
        "end": {
          "line": 144,
          "column": 58
        }
      },
      "22": {
        "start": {
          "line": 151,
          "column": 34
        },
        "end": {
          "line": 151,
          "column": 62
        }
      },
      "23": {
        "start": {
          "line": 157,
          "column": 39
        },
        "end": {
          "line": 157,
          "column": 61
        }
      },
      "24": {
        "start": {
          "line": 160,
          "column": 6
        },
        "end": {
          "line": 162,
          "column": 47
        }
      },
      "25": {
        "start": {
          "line": 166,
          "column": 16
        },
        "end": {
          "line": 191,
          "column": 1
        }
      },
      "26": {
        "start": {
          "line": 175,
          "column": 4
        },
        "end": {
          "line": 175,
          "column": 54
        }
      },
      "27": {
        "start": {
          "line": 193,
          "column": 16
        },
        "end": {
          "line": 216,
          "column": 1
        }
      },
      "28": {
        "start": {
          "line": 195,
          "column": 32
        },
        "end": {
          "line": 195,
          "column": 60
        }
      },
      "29": {
        "start": {
          "line": 210,
          "column": 4
        },
        "end": {
          "line": 210,
          "column": 123
        }
      },
      "30": {
        "start": {
          "line": 212,
          "column": 32
        },
        "end": {
          "line": 212,
          "column": 60
        }
      },
      "31": {
        "start": {
          "line": 214,
          "column": 34
        },
        "end": {
          "line": 214,
          "column": 62
        }
      },
      "32": {
        "start": {
          "line": 218,
          "column": 24
        },
        "end": {
          "line": 244,
          "column": 1
        }
      },
      "33": {
        "start": {
          "line": 223,
          "column": 41
        },
        "end": {
          "line": 223,
          "column": 63
        }
      },
      "34": {
        "start": {
          "line": 238,
          "column": 6
        },
        "end": {
          "line": 238,
          "column": 59
        }
      },
      "35": {
        "start": {
          "line": 241,
          "column": 46
        },
        "end": {
          "line": 241,
          "column": 68
        }
      },
      "36": {
        "start": {
          "line": 246,
          "column": 23
        },
        "end": {
          "line": 257,
          "column": 1
        }
      },
      "37": {
        "start": {
          "line": 253,
          "column": 32
        },
        "end": {
          "line": 253,
          "column": 65
        }
      }
    },
    "fnMap": {
      "0": {
        "name": "(anonymous_0)",
        "decl": {
          "start": {
            "line": 8,
            "column": 2
          },
          "end": {
            "line": 8,
            "column": 3
          }
        },
        "loc": {
          "start": {
            "line": 8,
            "column": 65
          },
          "end": {
            "line": 71,
            "column": 3
          }
        },
        "line": 8
      },
      "1": {
        "name": "(anonymous_1)",
        "decl": {
          "start": {
            "line": 11,
            "column": 14
          },
          "end": {
            "line": 11,
            "column": 15
          }
        },
        "loc": {
          "start": {
            "line": 11,
            "column": 20
          },
          "end": {
            "line": 14,
            "column": 5
          }
        },
        "line": 11
      },
      "2": {
        "name": "(anonymous_2)",
        "decl": {
          "start": {
            "line": 16,
            "column": 20
          },
          "end": {
            "line": 16,
            "column": 21
          }
        },
        "loc": {
          "start": {
            "line": 16,
            "column": 26
          },
          "end": {
            "line": 19,
            "column": 5
          }
        },
        "line": 16
      },
      "3": {
        "name": "(anonymous_3)",
        "decl": {
          "start": {
            "line": 34,
            "column": 23
          },
          "end": {
            "line": 34,
            "column": 24
          }
        },
        "loc": {
          "start": {
            "line": 35,
            "column": 14
          },
          "end": {
            "line": 39,
            "column": 21
          }
        },
        "line": 35
      },
      "4": {
        "name": "(anonymous_4)",
        "decl": {
          "start": {
            "line": 43,
            "column": 29
          },
          "end": {
            "line": 43,
            "column": 30
          }
        },
        "loc": {
          "start": {
            "line": 44,
            "column": 16
          },
          "end": {
            "line": 53,
            "column": 23
          }
        },
        "line": 44
      },
      "5": {
        "name": "(anonymous_5)",
        "decl": {
          "start": {
            "line": 78,
            "column": 15
          },
          "end": {
            "line": 78,
            "column": 16
          }
        },
        "loc": {
          "start": {
            "line": 79,
            "column": 5
          },
          "end": {
            "line": 79,
            "column": 48
          }
        },
        "line": 79
      },
      "6": {
        "name": "(anonymous_6)",
        "decl": {
          "start": {
            "line": 117,
            "column": 11
          },
          "end": {
            "line": 117,
            "column": 12
          }
        },
        "loc": {
          "start": {
            "line": 117,
            "column": 32
          },
          "end": {
            "line": 117,
            "column": 60
          }
        },
        "line": 117
      },
      "7": {
        "name": "(anonymous_7)",
        "decl": {
          "start": {
            "line": 123,
            "column": 22
          },
          "end": {
            "line": 123,
            "column": 23
          }
        },
        "loc": {
          "start": {
            "line": 123,
            "column": 37
          },
          "end": {
            "line": 123,
            "column": 59
          }
        },
        "line": 123
      },
      "8": {
        "name": "(anonymous_8)",
        "decl": {
          "start": {
            "line": 124,
            "column": 15
          },
          "end": {
            "line": 124,
            "column": 16
          }
        },
        "loc": {
          "start": {
            "line": 125,
            "column": 4
          },
          "end": {
            "line": 127,
            "column": 45
          }
        },
        "line": 125
      },
      "9": {
        "name": "(anonymous_9)",
        "decl": {
          "start": {
            "line": 143,
            "column": 24
          },
          "end": {
            "line": 143,
            "column": 25
          }
        },
        "loc": {
          "start": {
            "line": 143,
            "column": 39
          },
          "end": {
            "line": 143,
            "column": 61
          }
        },
        "line": 143
      },
      "10": {
        "name": "(anonymous_10)",
        "decl": {
          "start": {
            "line": 144,
            "column": 19
          },
          "end": {
            "line": 144,
            "column": 20
          }
        },
        "loc": {
          "start": {
            "line": 144,
            "column": 40
          },
          "end": {
            "line": 144,
            "column": 58
          }
        },
        "line": 144
      },
      "11": {
        "name": "(anonymous_11)",
        "decl": {
          "start": {
            "line": 151,
            "column": 13
          },
          "end": {
            "line": 151,
            "column": 14
          }
        },
        "loc": {
          "start": {
            "line": 151,
            "column": 34
          },
          "end": {
            "line": 151,
            "column": 62
          }
        },
        "line": 151
      },
      "12": {
        "name": "(anonymous_12)",
        "decl": {
          "start": {
            "line": 157,
            "column": 24
          },
          "end": {
            "line": 157,
            "column": 25
          }
        },
        "loc": {
          "start": {
            "line": 157,
            "column": 39
          },
          "end": {
            "line": 157,
            "column": 61
          }
        },
        "line": 157
      },
      "13": {
        "name": "(anonymous_13)",
        "decl": {
          "start": {
            "line": 159,
            "column": 17
          },
          "end": {
            "line": 159,
            "column": 18
          }
        },
        "loc": {
          "start": {
            "line": 160,
            "column": 6
          },
          "end": {
            "line": 162,
            "column": 47
          }
        },
        "line": 160
      },
      "14": {
        "name": "(anonymous_14)",
        "decl": {
          "start": {
            "line": 174,
            "column": 22
          },
          "end": {
            "line": 174,
            "column": 23
          }
        },
        "loc": {
          "start": {
            "line": 175,
            "column": 4
          },
          "end": {
            "line": 175,
            "column": 54
          }
        },
        "line": 175
      },
      "15": {
        "name": "(anonymous_15)",
        "decl": {
          "start": {
            "line": 195,
            "column": 11
          },
          "end": {
            "line": 195,
            "column": 12
          }
        },
        "loc": {
          "start": {
            "line": 195,
            "column": 32
          },
          "end": {
            "line": 195,
            "column": 60
          }
        },
        "line": 195
      },
      "16": {
        "name": "(anonymous_16)",
        "decl": {
          "start": {
            "line": 209,
            "column": 22
          },
          "end": {
            "line": 209,
            "column": 23
          }
        },
        "loc": {
          "start": {
            "line": 210,
            "column": 4
          },
          "end": {
            "line": 210,
            "column": 123
          }
        },
        "line": 210
      },
      "17": {
        "name": "(anonymous_17)",
        "decl": {
          "start": {
            "line": 212,
            "column": 11
          },
          "end": {
            "line": 212,
            "column": 12
          }
        },
        "loc": {
          "start": {
            "line": 212,
            "column": 32
          },
          "end": {
            "line": 212,
            "column": 60
          }
        },
        "line": 212
      },
      "18": {
        "name": "(anonymous_18)",
        "decl": {
          "start": {
            "line": 214,
            "column": 13
          },
          "end": {
            "line": 214,
            "column": 14
          }
        },
        "loc": {
          "start": {
            "line": 214,
            "column": 34
          },
          "end": {
            "line": 214,
            "column": 62
          }
        },
        "line": 214
      },
      "19": {
        "name": "(anonymous_19)",
        "decl": {
          "start": {
            "line": 223,
            "column": 26
          },
          "end": {
            "line": 223,
            "column": 27
          }
        },
        "loc": {
          "start": {
            "line": 223,
            "column": 41
          },
          "end": {
            "line": 223,
            "column": 63
          }
        },
        "line": 223
      },
      "20": {
        "name": "(anonymous_20)",
        "decl": {
          "start": {
            "line": 237,
            "column": 21
          },
          "end": {
            "line": 237,
            "column": 22
          }
        },
        "loc": {
          "start": {
            "line": 238,
            "column": 6
          },
          "end": {
            "line": 238,
            "column": 59
          }
        },
        "line": 238
      },
      "21": {
        "name": "(anonymous_21)",
        "decl": {
          "start": {
            "line": 241,
            "column": 31
          },
          "end": {
            "line": 241,
            "column": 32
          }
        },
        "loc": {
          "start": {
            "line": 241,
            "column": 46
          },
          "end": {
            "line": 241,
            "column": 68
          }
        },
        "line": 241
      },
      "22": {
        "name": "(anonymous_22)",
        "decl": {
          "start": {
            "line": 253,
            "column": 17
          },
          "end": {
            "line": 253,
            "column": 18
          }
        },
        "loc": {
          "start": {
            "line": 253,
            "column": 32
          },
          "end": {
            "line": 253,
            "column": 65
          }
        },
        "line": 253
      }
    },
    "branchMap": {
      "0": {
        "loc": {
          "start": {
            "line": 41,
            "column": 13
          },
          "end": {
            "line": 41,
            "column": 59
          }
        },
        "type": "binary-expr",
        "locations": [
          {
            "start": {
              "line": 41,
              "column": 13
            },
            "end": {
              "line": 41,
              "column": 17
            }
          },
          {
            "start": {
              "line": 41,
              "column": 21
            },
            "end": {
              "line": 41,
              "column": 59
            }
          }
        ],
        "line": 41
      },
      "1": {
        "loc": {
          "start": {
            "line": 42,
            "column": 13
          },
          "end": {
            "line": 54,
            "column": 16
          }
        },
        "type": "binary-expr",
        "locations": [
          {
            "start": {
              "line": 42,
              "column": 13
            },
            "end": {
              "line": 42,
              "column": 17
            }
          },
          {
            "start": {
              "line": 43,
              "column": 14
            },
            "end": {
              "line": 54,
              "column": 16
            }
          }
        ],
        "line": 42
      },
      "2": {
        "loc": {
          "start": {
            "line": 58,
            "column": 11
          },
          "end": {
            "line": 67,
            "column": 11
          }
        },
        "type": "binary-expr",
        "locations": [
          {
            "start": {
              "line": 58,
              "column": 11
            },
            "end": {
              "line": 58,
              "column": 21
            }
          },
          {
            "start": {
              "line": 59,
              "column": 12
            },
            "end": {
              "line": 66,
              "column": 28
            }
          }
        ],
        "line": 58
      },
      "3": {
        "loc": {
          "start": {
            "line": 79,
            "column": 5
          },
          "end": {
            "line": 79,
            "column": 48
          }
        },
        "type": "cond-expr",
        "locations": [
          {
            "start": {
              "line": 79,
              "column": 18
            },
            "end": {
              "line": 79,
              "column": 37
            }
          },
          {
            "start": {
              "line": 79,
              "column": 40
            },
            "end": {
              "line": 79,
              "column": 48
            }
          }
        ],
        "line": 79
      },
      "4": {
        "loc": {
          "start": {
            "line": 117,
            "column": 32
          },
          "end": {
            "line": 117,
            "column": 60
          }
        },
        "type": "cond-expr",
        "locations": [
          {
            "start": {
              "line": 117,
              "column": 45
            },
            "end": {
              "line": 117,
              "column": 51
            }
          },
          {
            "start": {
              "line": 117,
              "column": 54
            },
            "end": {
              "line": 117,
              "column": 60
            }
          }
        ],
        "line": 117
      },
      "5": {
        "loc": {
          "start": {
            "line": 125,
            "column": 4
          },
          "end": {
            "line": 127,
            "column": 45
          }
        },
        "type": "cond-expr",
        "locations": [
          {
            "start": {
              "line": 126,
              "column": 8
            },
            "end": {
              "line": 126,
              "column": 47
            }
          },
          {
            "start": {
              "line": 127,
              "column": 8
            },
            "end": {
              "line": 127,
              "column": 45
            }
          }
        ],
        "line": 125
      },
      "6": {
        "loc": {
          "start": {
            "line": 144,
            "column": 40
          },
          "end": {
            "line": 144,
            "column": 58
          }
        },
        "type": "cond-expr",
        "locations": [
          {
            "start": {
              "line": 144,
              "column": 53
            },
            "end": {
              "line": 144,
              "column": 54
            }
          },
          {
            "start": {
              "line": 144,
              "column": 57
            },
            "end": {
              "line": 144,
              "column": 58
            }
          }
        ],
        "line": 144
      },
      "7": {
        "loc": {
          "start": {
            "line": 151,
            "column": 34
          },
          "end": {
            "line": 151,
            "column": 62
          }
        },
        "type": "cond-expr",
        "locations": [
          {
            "start": {
              "line": 151,
              "column": 47
            },
            "end": {
              "line": 151,
              "column": 53
            }
          },
          {
            "start": {
              "line": 151,
              "column": 56
            },
            "end": {
              "line": 151,
              "column": 62
            }
          }
        ],
        "line": 151
      },
      "8": {
        "loc": {
          "start": {
            "line": 160,
            "column": 6
          },
          "end": {
            "line": 162,
            "column": 47
          }
        },
        "type": "cond-expr",
        "locations": [
          {
            "start": {
              "line": 161,
              "column": 10
            },
            "end": {
              "line": 161,
              "column": 50
            }
          },
          {
            "start": {
              "line": 162,
              "column": 10
            },
            "end": {
              "line": 162,
              "column": 47
            }
          }
        ],
        "line": 160
      },
      "9": {
        "loc": {
          "start": {
            "line": 175,
            "column": 4
          },
          "end": {
            "line": 175,
            "column": 54
          }
        },
        "type": "cond-expr",
        "locations": [
          {
            "start": {
              "line": 175,
              "column": 17
            },
            "end": {
              "line": 175,
              "column": 38
            }
          },
          {
            "start": {
              "line": 175,
              "column": 41
            },
            "end": {
              "line": 175,
              "column": 54
            }
          }
        ],
        "line": 175
      },
      "10": {
        "loc": {
          "start": {
            "line": 195,
            "column": 32
          },
          "end": {
            "line": 195,
            "column": 60
          }
        },
        "type": "cond-expr",
        "locations": [
          {
            "start": {
              "line": 195,
              "column": 45
            },
            "end": {
              "line": 195,
              "column": 50
            }
          },
          {
            "start": {
              "line": 195,
              "column": 53
            },
            "end": {
              "line": 195,
              "column": 60
            }
          }
        ],
        "line": 195
      },
      "11": {
        "loc": {
          "start": {
            "line": 212,
            "column": 32
          },
          "end": {
            "line": 212,
            "column": 60
          }
        },
        "type": "cond-expr",
        "locations": [
          {
            "start": {
              "line": 212,
              "column": 45
            },
            "end": {
              "line": 212,
              "column": 52
            }
          },
          {
            "start": {
              "line": 212,
              "column": 55
            },
            "end": {
              "line": 212,
              "column": 60
            }
          }
        ],
        "line": 212
      },
      "12": {
        "loc": {
          "start": {
            "line": 214,
            "column": 34
          },
          "end": {
            "line": 214,
            "column": 62
          }
        },
        "type": "cond-expr",
        "locations": [
          {
            "start": {
              "line": 214,
              "column": 47
            },
            "end": {
              "line": 214,
              "column": 54
            }
          },
          {
            "start": {
              "line": 214,
              "column": 57
            },
            "end": {
              "line": 214,
              "column": 62
            }
          }
        ],
        "line": 214
      },
      "13": {
        "loc": {
          "start": {
            "line": 238,
            "column": 6
          },
          "end": {
            "line": 238,
            "column": 59
          }
        },
        "type": "cond-expr",
        "locations": [
          {
            "start": {
              "line": 238,
              "column": 13
            },
            "end": {
              "line": 238,
              "column": 50
            }
          },
          {
            "start": {
              "line": 238,
              "column": 53
            },
            "end": {
              "line": 238,
              "column": 59
            }
          }
        ],
        "line": 238
      },
      "14": {
        "loc": {
          "start": {
            "line": 253,
            "column": 32
          },
          "end": {
            "line": 253,
            "column": 65
          }
        },
        "type": "cond-expr",
        "locations": [
          {
            "start": {
              "line": 253,
              "column": 39
            },
            "end": {
              "line": 253,
              "column": 56
            }
          },
          {
            "start": {
              "line": 253,
              "column": 59
            },
            "end": {
              "line": 253,
              "column": 65
            }
          }
        ],
        "line": 253
      }
    },
    "s": {
      "0": 1,
      "1": 1,
      "2": 1,
      "3": 1,
      "4": 1,
      "5": 1,
      "6": 1,
      "7": 0,
      "8": 0,
      "9": 1,
      "10": 5,
      "11": 0,
      "12": 1,
      "13": 1,
      "14": 1,
      "15": 1,
      "16": 1,
      "17": 1,
      "18": 1,
      "19": 1,
      "20": 1,
      "21": 1,
      "22": 1,
      "23": 1,
      "24": 1,
      "25": 1,
      "26": 0,
      "27": 1,
      "28": 1,
      "29": 1,
      "30": 1,
      "31": 1,
      "32": 1,
      "33": 5,
      "34": 5,
      "35": 5,
      "36": 1,
      "37": 0
    },
    "f": {
      "0": 1,
      "1": 1,
      "2": 0,
      "3": 5,
      "4": 0,
      "5": 1,
      "6": 1,
      "7": 1,
      "8": 1,
      "9": 1,
      "10": 1,
      "11": 1,
      "12": 1,
      "13": 1,
      "14": 0,
      "15": 1,
      "16": 1,
      "17": 1,
      "18": 1,
      "19": 5,
      "20": 5,
      "21": 5,
      "22": 0
    },
    "b": {
      "0": [
        1,
        0
      ],
      "1": [
        1,
        0
      ],
      "2": [
        1,
        0
      ],
      "3": [
        0,
        1
      ],
      "4": [
        0,
        1
      ],
      "5": [
        0,
        1
      ],
      "6": [
        0,
        1
      ],
      "7": [
        0,
        1
      ],
      "8": [
        0,
        1
      ],
      "9": [
        0,
        0
      ],
      "10": [
        0,
        1
      ],
      "11": [
        0,
        1
      ],
      "12": [
        0,
        1
      ],
      "13": [
        0,
        5
      ],
      "14": [
        0,
        0
      ]
    },
    "_coverageSchema": "1a1c01bbd47fc00a2c39e90264f33305004495a9",
    "hash": "a62ade806ead98175cc41af80f302c08f8f880d5"
  },
  "/Users/User/Projects/connor-devlin-portfolio/components/header.js": {
    "path": "/Users/User/Projects/connor-devlin-portfolio/components/header.js",
    "statementMap": {
      "0": {
        "start": {
          "line": 7,
          "column": 15
        },
        "end": {
          "line": 109,
          "column": 1
        }
      },
      "1": {
        "start": {
          "line": 8,
          "column": 14
        },
        "end": {
          "line": 8,
          "column": 26
        }
      },
      "2": {
        "start": {
          "line": 9,
          "column": 18
        },
        "end": {
          "line": 15,
          "column": 4
        }
      },
      "3": {
        "start": {
          "line": 16,
          "column": 23
        },
        "end": {
          "line": 58,
          "column": 4
        }
      },
      "4": {
        "start": {
          "line": 59,
          "column": 38
        },
        "end": {
          "line": 59,
          "column": 53
        }
      },
      "5": {
        "start": {
          "line": 61,
          "column": 2
        },
        "end": {
          "line": 66,
          "column": 9
        }
      },
      "6": {
        "start": {
          "line": 62,
          "column": 4
        },
        "end": {
          "line": 62,
          "column": 61
        }
      },
      "7": {
        "start": {
          "line": 63,
          "column": 4
        },
        "end": {
          "line": 65,
          "column": 6
        }
      },
      "8": {
        "start": {
          "line": 64,
          "column": 6
        },
        "end": {
          "line": 64,
          "column": 66
        }
      },
      "9": {
        "start": {
          "line": 68,
          "column": 29
        },
        "end": {
          "line": 72,
          "column": 3
        }
      },
      "10": {
        "start": {
          "line": 69,
          "column": 4
        },
        "end": {
          "line": 71,
          "column": 5
        }
      },
      "11": {
        "start": {
          "line": 70,
          "column": 6
        },
        "end": {
          "line": 70,
          "column": 27
        }
      },
      "12": {
        "start": {
          "line": 74,
          "column": 28
        },
        "end": {
          "line": 76,
          "column": 3
        }
      },
      "13": {
        "start": {
          "line": 75,
          "column": 4
        },
        "end": {
          "line": 75,
          "column": 31
        }
      },
      "14": {
        "start": {
          "line": 77,
          "column": 2
        },
        "end": {
          "line": 108,
          "column": 4
        }
      },
      "15": {
        "start": {
          "line": 95,
          "column": 10
        },
        "end": {
          "line": 97,
          "column": 17
        }
      },
      "16": {
        "start": {
          "line": 113,
          "column": 18
        },
        "end": {
          "line": 125,
          "column": 1
        }
      },
      "17": {
        "start": {
          "line": 123,
          "column": 4
        },
        "end": {
          "line": 123,
          "column": 123
        }
      },
      "18": {
        "start": {
          "line": 127,
          "column": 22
        },
        "end": {
          "line": 152,
          "column": 1
        }
      },
      "19": {
        "start": {
          "line": 154,
          "column": 26
        },
        "end": {
          "line": 159,
          "column": 1
        }
      },
      "20": {
        "start": {
          "line": 161,
          "column": 24
        },
        "end": {
          "line": 164,
          "column": 1
        }
      },
      "21": {
        "start": {
          "line": 166,
          "column": 13
        },
        "end": {
          "line": 175,
          "column": 1
        }
      },
      "22": {
        "start": {
          "line": 177,
          "column": 13
        },
        "end": {
          "line": 183,
          "column": 1
        }
      },
      "23": {
        "start": {
          "line": 185,
          "column": 23
        },
        "end": {
          "line": 196,
          "column": 1
        }
      },
      "24": {
        "start": {
          "line": 198,
          "column": 18
        },
        "end": {
          "line": 215,
          "column": 1
        }
      }
    },
    "fnMap": {
      "0": {
        "name": "(anonymous_0)",
        "decl": {
          "start": {
            "line": 7,
            "column": 15
          },
          "end": {
            "line": 7,
            "column": 16
          }
        },
        "loc": {
          "start": {
            "line": 7,
            "column": 26
          },
          "end": {
            "line": 109,
            "column": 1
          }
        },
        "line": 7
      },
      "1": {
        "name": "(anonymous_1)",
        "decl": {
          "start": {
            "line": 61,
            "column": 12
          },
          "end": {
            "line": 61,
            "column": 13
          }
        },
        "loc": {
          "start": {
            "line": 61,
            "column": 18
          },
          "end": {
            "line": 66,
            "column": 3
          }
        },
        "line": 61
      },
      "2": {
        "name": "(anonymous_2)",
        "decl": {
          "start": {
            "line": 63,
            "column": 11
          },
          "end": {
            "line": 63,
            "column": 12
          }
        },
        "loc": {
          "start": {
            "line": 63,
            "column": 17
          },
          "end": {
            "line": 65,
            "column": 5
          }
        },
        "line": 63
      },
      "3": {
        "name": "(anonymous_3)",
        "decl": {
          "start": {
            "line": 68,
            "column": 29
          },
          "end": {
            "line": 68,
            "column": 30
          }
        },
        "loc": {
          "start": {
            "line": 68,
            "column": 36
          },
          "end": {
            "line": 72,
            "column": 3
          }
        },
        "line": 68
      },
      "4": {
        "name": "(anonymous_4)",
        "decl": {
          "start": {
            "line": 74,
            "column": 28
          },
          "end": {
            "line": 74,
            "column": 29
          }
        },
        "loc": {
          "start": {
            "line": 74,
            "column": 34
          },
          "end": {
            "line": 76,
            "column": 3
          }
        },
        "line": 74
      },
      "5": {
        "name": "(anonymous_5)",
        "decl": {
          "start": {
            "line": 94,
            "column": 19
          },
          "end": {
            "line": 94,
            "column": 20
          }
        },
        "loc": {
          "start": {
            "line": 95,
            "column": 10
          },
          "end": {
            "line": 97,
            "column": 17
          }
        },
        "line": 95
      },
      "6": {
        "name": "(anonymous_6)",
        "decl": {
          "start": {
            "line": 122,
            "column": 22
          },
          "end": {
            "line": 122,
            "column": 23
          }
        },
        "loc": {
          "start": {
            "line": 123,
            "column": 4
          },
          "end": {
            "line": 123,
            "column": 123
          }
        },
        "line": 123
      }
    },
    "branchMap": {
      "0": {
        "loc": {
          "start": {
            "line": 69,
            "column": 4
          },
          "end": {
            "line": 71,
            "column": 5
          }
        },
        "type": "if",
        "locations": [
          {
            "start": {
              "line": 69,
              "column": 4
            },
            "end": {
              "line": 71,
              "column": 5
            }
          },
          {
            "start": {
              "line": 69,
              "column": 4
            },
            "end": {
              "line": 71,
              "column": 5
            }
          }
        ],
        "line": 69
      },
      "1": {
        "loc": {
          "start": {
            "line": 69,
            "column": 8
          },
          "end": {
            "line": 69,
            "column": 54
          }
        },
        "type": "binary-expr",
        "locations": [
          {
            "start": {
              "line": 69,
              "column": 8
            },
            "end": {
              "line": 69,
              "column": 19
            }
          },
          {
            "start": {
              "line": 69,
              "column": 23
            },
            "end": {
              "line": 69,
              "column": 54
            }
          }
        ],
        "line": 69
      }
    },
    "s": {
      "0": 1,
      "1": 1,
      "2": 1,
      "3": 1,
      "4": 1,
      "5": 1,
      "6": 1,
      "7": 1,
      "8": 0,
      "9": 1,
      "10": 0,
      "11": 0,
      "12": 1,
      "13": 0,
      "14": 1,
      "15": 5,
      "16": 1,
      "17": 1,
      "18": 1,
      "19": 1,
      "20": 1,
      "21": 1,
      "22": 1,
      "23": 1,
      "24": 1
    },
    "f": {
      "0": 1,
      "1": 1,
      "2": 0,
      "3": 0,
      "4": 0,
      "5": 5,
      "6": 1
    },
    "b": {
      "0": [
        0,
        0
      ],
      "1": [
        0,
        0
      ]
    },
    "_coverageSchema": "1a1c01bbd47fc00a2c39e90264f33305004495a9",
    "hash": "be3a47cf3a52cd042f9493ca849b63be9b46b161"
  },
  "/Users/User/Projects/connor-devlin-portfolio/pages/_app.js": {
    "path": "/Users/User/Projects/connor-devlin-portfolio/pages/_app.js",
    "statementMap": {
      "0": {
        "start": {
          "line": 13,
          "column": 0
        },
        "end": {
          "line": 13,
          "column": 14
        }
      },
      "1": {
        "start": {
          "line": 15,
          "column": 14
        },
        "end": {
          "line": 23,
          "column": 1
        }
      },
      "2": {
        "start": {
          "line": 25,
          "column": 14
        },
        "end": {
          "line": 54,
          "column": 1
        }
      },
      "3": {
        "start": {
          "line": 26,
          "column": 40
        },
        "end": {
          "line": 26,
          "column": 54
        }
      },
      "4": {
        "start": {
          "line": 28,
          "column": 23
        },
        "end": {
          "line": 31,
          "column": 3
        }
      },
      "5": {
        "start": {
          "line": 29,
          "column": 17
        },
        "end": {
          "line": 29,
          "column": 39
        }
      },
      "6": {
        "start": {
          "line": 30,
          "column": 4
        },
        "end": {
          "line": 30,
          "column": 16
        }
      },
      "7": {
        "start": {
          "line": 33,
          "column": 24
        },
        "end": {
          "line": 36,
          "column": 3
        }
      },
      "8": {
        "start": {
          "line": 34,
          "column": 4
        },
        "end": {
          "line": 34,
          "column": 14
        }
      },
      "9": {
        "start": {
          "line": 35,
          "column": 4
        },
        "end": {
          "line": 35,
          "column": 25
        }
      },
      "10": {
        "start": {
          "line": 38,
          "column": 2
        },
        "end": {
          "line": 53,
          "column": 4
        }
      }
    },
    "fnMap": {
      "0": {
        "name": "(anonymous_0)",
        "decl": {
          "start": {
            "line": 25,
            "column": 14
          },
          "end": {
            "line": 25,
            "column": 15
          }
        },
        "loc": {
          "start": {
            "line": 25,
            "column": 44
          },
          "end": {
            "line": 54,
            "column": 1
          }
        },
        "line": 25
      },
      "1": {
        "name": "(anonymous_1)",
        "decl": {
          "start": {
            "line": 28,
            "column": 23
          },
          "end": {
            "line": 28,
            "column": 24
          }
        },
        "loc": {
          "start": {
            "line": 28,
            "column": 43
          },
          "end": {
            "line": 31,
            "column": 3
          }
        },
        "line": 28
      },
      "2": {
        "name": "(anonymous_2)",
        "decl": {
          "start": {
            "line": 33,
            "column": 24
          },
          "end": {
            "line": 33,
            "column": 25
          }
        },
        "loc": {
          "start": {
            "line": 33,
            "column": 30
          },
          "end": {
            "line": 36,
            "column": 3
          }
        },
        "line": 33
      }
    },
    "branchMap": {},
    "s": {
      "0": 1,
      "1": 1,
      "2": 1,
      "3": 1,
      "4": 1,
      "5": 0,
      "6": 0,
      "7": 1,
      "8": 0,
      "9": 0,
      "10": 1
    },
    "f": {
      "0": 1,
      "1": 0,
      "2": 0
    },
    "b": {},
    "_coverageSchema": "1a1c01bbd47fc00a2c39e90264f33305004495a9",
    "hash": "4a7b46ce1a82d6f66b767ffc243cfdffeb4fdab2"
  },
  "/Users/User/Projects/connor-devlin-portfolio/components/loading-spinner.js": {
    "path": "/Users/User/Projects/connor-devlin-portfolio/components/loading-spinner.js",
    "statementMap": {
      "0": {
        "start": {
          "line": 4,
          "column": 30
        },
        "end": {
          "line": 17,
          "column": 2
        }
      },
      "1": {
        "start": {
          "line": 5,
          "column": 2
        },
        "end": {
          "line": 16,
          "column": 4
        }
      },
      "2": {
        "start": {
          "line": 19,
          "column": 17
        },
        "end": {
          "line": 29,
          "column": 1
[...]
          "column": 4
        },
        "end": {
          "line": 108,
          "column": 96
        }
      },
      "26": {
        "start": {
          "line": 111,
          "column": 14
        },
        "end": {
          "line": 117,
          "column": 1
        }
      },
      "27": {
        "start": {
          "line": 119,
          "column": 13
        },
        "end": {
          "line": 126,
          "column": 1
        }
      },
      "28": {
        "start": {
          "line": 128,
          "column": 16
        },
        "end": {
          "line": 138,
          "column": 1
        }
      },
      "29": {
        "start": {
          "line": 140,
          "column": 14
        },
        "end": {
          "line": 142,
          "column": 1
        }
      },
      "30": {
        "start": {
          "line": 144,
          "column": 24
        },
        "end": {
          "line": 147,
          "column": 1
        }
      },
      "31": {
        "start": {
          "line": 149,
          "column": 24
        },
        "end": {
          "line": 163,
          "column": 1
        }
      },
      "32": {
        "start": {
          "line": 165,
          "column": 20
        },
        "end": {
          "line": 180,
          "column": 1
        }
      },
      "33": {
        "start": {
          "line": 182,
          "column": 16
        },
        "end": {
          "line": 190,
          "column": 1
        }
      },
      "34": {
        "start": {
          "line": 185,
          "column": 4
        },
        "end": {
          "line": 185,
          "column": 96
        }
      },
      "35": {
        "start": {
          "line": 192,
          "column": 22
        },
        "end": {
          "line": 214,
          "column": 1
        }
      },
      "36": {
        "start": {
          "line": 199,
          "column": 37
        },
        "end": {
          "line": 199,
          "column": 59
        }
      },
      "37": {
        "start": {
          "line": 203,
          "column": 26
        },
        "end": {
          "line": 203,
          "column": 48
        }
      },
      "38": {
        "start": {
          "line": 211,
          "column": 28
        },
        "end": {
          "line": 211,
          "column": 50
        }
      },
      "39": {
        "start": {
          "line": 212,
          "column": 39
        },
        "end": {
          "line": 212,
          "column": 61
        }
      }
    },
    "fnMap": {
      "0": {
        "name": "(anonymous_0)",
        "decl": {
          "start": {
            "line": 12,
            "column": 20
          },
          "end": {
            "line": 12,
            "column": 21
          }
        },
        "loc": {
          "start": {
            "line": 12,
            "column": 40
          },
          "end": {
            "line": 83,
            "column": 1
          }
        },
        "line": 12
      },
      "1": {
        "name": "(anonymous_1)",
        "decl": {
          "start": {
            "line": 18,
            "column": 12
          },
          "end": {
            "line": 18,
            "column": 13
          }
        },
        "loc": {
          "start": {
            "line": 18,
            "column": 18
          },
          "end": {
            "line": 25,
            "column": 3
          }
        },
        "line": 18
      },
      "2": {
        "name": "(anonymous_2)",
        "decl": {
          "start": {
            "line": 27,
            "column": 22
          },
          "end": {
            "line": 27,
            "column": 23
          }
        },
        "loc": {
          "start": {
            "line": 27,
            "column": 30
          },
          "end": {
            "line": 33,
            "column": 3
          }
        },
        "line": 27
      },
      "3": {
        "name": "(anonymous_3)",
        "decl": {
          "start": {
            "line": 30,
            "column": 42
          },
          "end": {
            "line": 30,
            "column": 43
          }
        },
        "loc": {
          "start": {
            "line": 30,
            "column": 52
          },
          "end": {
            "line": 30,
            "column": 66
          }
        },
        "line": 30
      },
      "4": {
        "name": "(anonymous_4)",
        "decl": {
          "start": {
            "line": 35,
            "column": 23
          },
          "end": {
            "line": 35,
            "column": 24
          }
        },
        "loc": {
          "start": {
            "line": 35,
            "column": 29
          },
          "end": {
            "line": 37,
            "column": 3
          }
        },
        "line": 35
      },
      "5": {
        "name": "(anonymous_5)",
        "decl": {
          "start": {
            "line": 39,
            "column": 30
          },
          "end": {
            "line": 39,
            "column": 31
          }
        },
        "loc": {
          "start": {
            "line": 39,
            "column": 36
          },
          "end": {
            "line": 41,
            "column": 3
          }
        },
        "line": 39
      },
      "6": {
        "name": "(anonymous_6)",
        "decl": {
          "start": {
            "line": 101,
            "column": 22
          },
          "end": {
            "line": 101,
            "column": 23
          }
        },
        "loc": {
          "start": {
            "line": 102,
            "column": 4
          },
          "end": {
            "line": 102,
            "column": 96
          }
        },
        "line": 102
      },
      "7": {
        "name": "(anonymous_7)",
        "decl": {
          "start": {
            "line": 107,
            "column": 22
          },
          "end": {
            "line": 107,
            "column": 23
          }
        },
        "loc": {
          "start": {
            "line": 108,
            "column": 4
          },
          "end": {
            "line": 108,
            "column": 96
          }
        },
        "line": 108
      },
      "8": {
        "name": "(anonymous_8)",
        "decl": {
          "start": {
            "line": 184,
            "column": 22
          },
          "end": {
            "line": 184,
            "column": 23
          }
        },
        "loc": {
          "start": {
            "line": 185,
            "column": 4
          },
          "end": {
            "line": 185,
            "column": 96
          }
        },
        "line": 185
      },
      "9": {
        "name": "(anonymous_9)",
        "decl": {
          "start": {
            "line": 199,
            "column": 22
          },
          "end": {
            "line": 199,
            "column": 23
          }
        },
        "loc": {
          "start": {
            "line": 199,
            "column": 37
          },
          "end": {
            "line": 199,
            "column": 59
          }
        },
        "line": 199
      },
      "10": {
        "name": "(anonymous_10)",
        "decl": {
          "start": {
            "line": 203,
            "column": 11
          },
          "end": {
            "line": 203,
            "column": 12
          }
        },
        "loc": {
          "start": {
            "line": 203,
            "column": 26
          },
          "end": {
            "line": 203,
            "column": 48
          }
        },
        "line": 203
      },
      "11": {
        "name": "(anonymous_11)",
        "decl": {
          "start": {
            "line": 211,
            "column": 13
          },
          "end": {
            "line": 211,
            "column": 14
          }
        },
        "loc": {
          "start": {
            "line": 211,
            "column": 28
          },
          "end": {
            "line": 211,
            "column": 50
          }
        },
        "line": 211
      },
      "12": {
        "name": "(anonymous_12)",
        "decl": {
          "start": {
            "line": 212,
            "column": 24
          },
          "end": {
            "line": 212,
            "column": 25
          }
        },
        "loc": {
          "start": {
            "line": 212,
            "column": 39
          },
          "end": {
            "line": 212,
            "column": 61
          }
        },
        "line": 212
      }
    },
    "branchMap": {
      "0": {
        "loc": {
          "start": {
            "line": 13,
            "column": 37
          },
          "end": {
            "line": 13,
            "column": 47
          }
        },
        "type": "binary-expr",
        "locations": [
          {
            "start": {
              "line": 13,
              "column": 37
            },
            "end": {
              "line": 13,
              "column": 41
            }
          },
          {
            "start": {
              "line": 13,
              "column": 45
            },
            "end": {
              "line": 13,
              "column": 47
            }
          }
        ],
        "line": 13
      },
      "1": {
        "loc": {
          "start": {
            "line": 19,
            "column": 4
          },
          "end": {
            "line": 24,
            "column": 5
          }
        },
        "type": "if",
        "locations": [
          {
            "start": {
              "line": 19,
              "column": 4
            },
            "end": {
              "line": 24,
              "column": 5
            }
          },
          {
            "start": {
              "line": 19,
              "column": 4
            },
            "end": {
              "line": 24,
              "column": 5
            }
          }
        ],
        "line": 19
      },
      "2": {
        "loc": {
          "start": {
            "line": 43,
            "column": 9
          },
          "end": {
            "line": 82,
            "column": 3
          }
        },
        "type": "cond-expr",
        "locations": [
          {
            "start": {
              "line": 44,
              "column": 4
            },
            "end": {
              "line": 79,
              "column": 16
            }
          },
          {
            "start": {
              "line": 81,
              "column": 4
            },
            "end": {
              "line": 81,
              "column": 27
            }
          }
        ],
        "line": 43
      },
      "3": {
        "loc": {
          "start": {
            "line": 46,
            "column": 16
          },
          "end": {
            "line": 46,
            "column": 62
          }
        },
        "type": "cond-expr",
        "locations": [
          {
            "start": {
              "line": 46,
              "column": 38
            },
            "end": {
              "line": 46,
              "column": 48
            }
          },
          {
            "start": {
              "line": 46,
              "column": 51
            },
            "end": {
              "line": 46,
              "column": 62
            }
          }
        ],
        "line": 46
      },
      "4": {
        "loc": {
          "start": {
            "line": 60,
            "column": 7
          },
          "end": {
            "line": 60,
            "column": 42
          }
        },
        "type": "binary-expr",
        "locations": [
          {
            "start": {
              "line": 60,
              "column": 7
            },
            "end": {
              "line": 60,
              "column": 27
            }
          },
          {
            "start": {
              "line": 60,
              "column": 31
            },
            "end": {
              "line": 60,
              "column": 42
            }
          }
        ],
        "line": 60
      },
      "5": {
        "loc": {
          "start": {
            "line": 61,
            "column": 7
          },
          "end": {
            "line": 70,
            "column": 7
          }
        },
        "type": "binary-expr",
        "locations": [
          {
            "start": {
              "line": 61,
              "column": 7
            },
            "end": {
              "line": 61,
              "column": 26
            }
          },
          {
            "start": {
              "line": 62,
              "column": 8
            },
            "end": {
              "line": 69,
              "column": 26
            }
          }
        ],
        "line": 61
      },
      "6": {
        "loc": {
          "start": {
            "line": 74,
            "column": 14
          },
          "end": {
            "line": 74,
            "column": 78
          }
        },
        "type": "cond-expr",
        "locations": [
          {
            "start": {
              "line": 74,
              "column": 36
            },
            "end": {
              "line": 74,
              "column": 55
            }
          },
          {
            "start": {
              "line": 74,
              "column": 58
            },
            "end": {
              "line": 74,
              "column": 78
            }
          }
        ],
        "line": 74
      }
    },
    "s": {
      "0": 1,
      "1": 4,
      "2": 4,
      "3": 4,
      "4": 4,
      "5": 4,
      "6": 1,
      "7": 1,
      "8": 1,
      "9": 0,
      "10": 4,
      "11": 0,
      "12": 0,
      "13": 0,
      "14": 0,
      "15": 0,
      "16": 4,
      "17": 0,
      "18": 4,
      "19": 3,
      "20": 4,
      "21": 1,
      "22": 1,
      "23": 3,
      "24": 1,
      "25": 3,
      "26": 1,
      "27": 1,
      "28": 1,
      "29": 1,
      "30": 1,
      "31": 1,
      "32": 1,
      "33": 1,
      "34": 3,
      "35": 1,
      "36": 3,
      "37": 3,
      "38": 3,
      "39": 3
    },
    "f": {
      "0": 4,
      "1": 1,
      "2": 0,
      "3": 0,
      "4": 0,
      "5": 3,
      "6": 3,
      "7": 3,
      "8": 3,
      "9": 3,
      "10": 3,
      "11": 3,
      "12": 3
    },
    "b": {
      "0": [
        4,
        0
      ],
      "1": [
        1,
        0
      ],
      "2": [
        4,
        0
      ],
      "3": [
        4,
        0
      ],
      "4": [
        4,
        0
      ],
      "5": [
        4,
        4
      ],
      "6": [
        4,
        0
      ]
    },
    "_coverageSchema": "1a1c01bbd47fc00a2c39e90264f33305004495a9",
    "hash": "481a63379bcac32711b8ca43ec7f4889545e2b98"
  },
  "/Users/User/Projects/connor-devlin-portfolio/pages/weddings.js": {
    "path": "/Users/User/Projects/connor-devlin-portfolio/pages/weddings.js",
    "statementMap": {
      "0": {
        "start": {
          "line": 7,
          "column": 17
        },
        "end": {
          "line": 27,
          "column": 1
        }
      },
      "1": {
        "start": {
          "line": 8,
          "column": 2
        },
        "end": {
          "line": 18,
          "column": 9
        }
      },
      "2": {
        "start": {
          "line": 9,
          "column": 4
        },
        "end": {
          "line": 17,
          "column": 9
        }
      },
      "3": {
        "start": {
          "line": 20,
          "column": 2
        },
        "end": {
          "line": 26,
          "column": 4
        }
      },
      "4": {
        "start": {
          "line": 30,
          "column": 15
        },
        "end": {
          "line": 30,
          "column": 37
        }
      },
      "5": {
        "start": {
          "line": 31,
          "column": 2
        },
        "end": {
          "line": 33,
          "column": 4
        }
      },
      "6": {
        "start": {
          "line": 38,
          "column": 18
        },
        "end": {
          "line": 42,
          "column": 1
        }
      }
    },
    "fnMap": {
      "0": {
        "name": "(anonymous_0)",
        "decl": {
          "start": {
            "line": 7,
            "column": 17
          },
          "end": {
            "line": 7,
            "column": 18
          }
        },
        "loc": {
          "start": {
            "line": 7,
            "column": 31
          },
          "end": {
            "line": 27,
            "column": 1
          }
        },
        "line": 7
      },
      "1": {
        "name": "(anonymous_1)",
        "decl": {
          "start": {
            "line": 8,
            "column": 12
          },
          "end": {
            "line": 8,
            "column": 13
          }
        },
        "loc": {
          "start": {
            "line": 8,
            "column": 18
          },
          "end": {
            "line": 18,
            "column": 3
          }
        },
        "line": 8
      },
      "2": {
        "name": "getStaticProps",
        "decl": {
          "start": {
            "line": 29,
            "column": 22
          },
          "end": {
            "line": 29,
            "column": 36
          }
        },
        "loc": {
          "start": {
            "line": 29,
            "column": 39
          },
          "end": {
            "line": 34,
            "column": 1
          }
        },
        "line": 29
      }
    },
    "branchMap": {
      "0": {
        "loc": {
          "start": {
            "line": 9,
            "column": 4
          },
          "end": {
            "line": 17,
            "column": 8
          }
        },
        "type": "binary-expr",
        "locations": [
          {
            "start": {
              "line": 9,
              "column": 4
            },
            "end": {
              "line": 9,
              "column": 9
            }
          },
          {
            "start": {
              "line": 10,
              "column": 6
            },
            "end": {
              "line": 17,
              "column": 8
            }
          }
        ],
        "line": 9
      },
      "1": {
        "loc": {
          "start": {
            "line": 20,
            "column": 9
          },
          "end": {
            "line": 26,
            "column": 3
          }
        },
        "type": "cond-expr",
        "locations": [
          {
            "start": {
              "line": 21,
              "column": 4
            },
            "end": {
              "line": 23,
              "column": 16
            }
          },
          {
            "start": {
              "line": 25,
              "column": 4
            },
            "end": {
              "line": 25,
              "column": 27
            }
          }
        ],
        "line": 20
      },
      "2": {
        "loc": {
          "start": {
            "line": 32,
            "column": 11
          },
          "end": {
            "line": 32,
            "column": 43
          }
        },
        "type": "cond-expr",
        "locations": [
          {
            "start": {
              "line": 32,
              "column": 18
            },
            "end": {
              "line": 32,
              "column": 26
            }
          },
          {
            "start": {
              "line": 32,
              "column": 29
            },
            "end": {
              "line": 32,
              "column": 43
            }
          }
        ],
        "line": 32
      }
    },
    "s": {
      "0": 1,
      "1": 1,
      "2": 1,
      "3": 1,
      "4": 0,
      "5": 0,
      "6": 1
    },
    "f": {
      "0": 1,
      "1": 1,
      "2": 0
    },
    "b": {
      "0": [
        1,
        0
      ],
      "1": [
        1,
        0
      ],
      "2": [
        0,
        0
      ]
    },
    "_coverageSchema": "1a1c01bbd47fc00a2c39e90264f33305004495a9",
    "hash": "eeb0109d529aacd52019ce33b796f8574797c6d2"
  }
}