{
  "/Users/User/Projects/connor-devlin-portfolio/lib/gtag.js": {
    "path": "/Users/User/Projects/connor-devlin-portfolio/lib/gtag.js",
    "statementMap": {
      "0": {
        "start": {
          "line": 1,
          "column": 30
        },
        "end": {
          "line": 1,
          "column": 73
        }
      },
      "1": {
        "start": {
          "line": 4,
          "column": 24
        },
        "end": {
          "line": 8,
          "column": 1
        }
      },
      "2": {
        "start": {
          "line": 5,
          "column": 2
        },
        "end": {
          "line": 7,
          "column": 5
        }
      },
      "3": {
        "start": {
          "line": 11,
          "column": 21
        },
        "end": {
          "line": 17,
          "column": 1
        }
      },
      "4": {
        "start": {
          "line": 12,
          "column": 2
        },
        "end": {
          "line": 16,
          "column": 5
        }
      }
    },
    "fnMap": {
      "0": {
        "name": "(anonymous_0)",
        "decl": {
          "start": {
            "line": 4,
            "column": 24
          },
          "end": {
            "line": 4,
            "column": 25
          }
        },
        "loc": {
          "start": {
            "line": 4,
            "column": 33
          },
          "end": {
            "line": 8,
            "column": 1
          }
        },
        "line": 4
      },
      "1": {
        "name": "(anonymous_1)",
        "decl": {
          "start": {
            "line": 11,
            "column": 21
          },
          "end": {
            "line": 11,
            "column": 22
          }
        },
        "loc": {
          "start": {
            "line": 11,
            "column": 61
          },
          "end": {
            "line": 17,
            "column": 1
          }
        },
        "line": 11
      }
    },
    "branchMap": {},
    "s": {
      "0": 19,
      "1": 19,
      "2": 33,
      "3": 19,
      "4": 0
    },
    "f": {
      "0": 33,
      "1": 0
    },
    "b": {},
    "_coverageSchema": "1a1c01bbd47fc00a2c39e90264f33305004495a9",
    "hash": "5de85fc9a758067c544e82134f21eb62274c3703"
  },
  "/Users/User/Projects/connor-devlin-portfolio/pages/api/logger.js": {
    "path": "/Users/User/Projects/connor-devlin-portfolio/pages/api/logger.js",
    "statementMap": {
      "0": {
        "start": {
          "line": 5,
          "column": 2
        },
        "end": {
          "line": 9,
          "column": 5
        }
      },
      "1": {
        "start": {
          "line": 13,
          "column": 2
        },
        "end": {
          "line": 13,
          "column": 33
        }
      }
    },
    "fnMap": {
      "0": {
        "name": "init",
        "decl": {
          "start": {
            "line": 4,
            "column": 9
          },
          "end": {
            "line": 4,
            "column": 13
          }
        },
        "loc": {
          "start": {
            "line": 4,
            "column": 16
          },
          "end": {
            "line": 10,
            "column": 1
          }
        },
        "line": 4
      },
      "1": {
        "name": "log",
        "decl": {
          "start": {
            "line": 12,
            "column": 9
          },
          "end": {
            "line": 12,
            "column": 12
          }
        },
        "loc": {
          "start": {
            "line": 12,
            "column": 20
          },
          "end": {
            "line": 14,
            "column": 1
          }
        },
        "line": 12
      }
    },
    "branchMap": {},
    "s": {
      "0": 19,
      "1": 0
    },
    "f": {
      "0": 19,
      "1": 0
    },
    "b": {},
    "_coverageSchema": "1a1c01bbd47fc00a2c39e90264f33305004495a9",
    "hash": "d1e84b12250905aed6a9b2a70ed9ebcc7aacd355"
  },
  "/Users/User/Projects/connor-devlin-portfolio/globalStyle.js": {
    "path": "/Users/User/Projects/connor-devlin-portfolio/globalStyle.js",
    "statementMap": {
      "0": {
        "start": {
          "line": 9,
          "column": 27
        },
        "end": {
          "line": 248,
          "column": 1
        }
      }
    },
    "fnMap": {},
    "branchMap": {},
    "s": {
      "0": 19
    },
    "f": {},
    "b": {},
    "_coverageSchema": "1a1c01bbd47fc00a2c39e90264f33305004495a9",
    "hash": "8305a2290dcb90e93cf62e85298dc75f19acfa1d"
  },
  "/Users/User/Projects/connor-devlin-portfolio/context/appContext.js": {
    "path": "/Users/User/Projects/connor-devlin-portfolio/context/appContext.js",
    "statementMap": {
      "0": {
        "start": {
          "line": 3,
          "column": 19
        },
        "end": {
          "line": 3,
          "column": 34
        }
      },
      "1": {
        "start": {
          "line": 4,
          "column": 0
        },
        "end": {
          "line": 4,
          "column": 38
        }
      }
    },
    "fnMap": {},
    "branchMap": {},
    "s": {
      "0": 19,
      "1": 19
    },
    "f": {},
    "b": {},
    "_coverageSchema": "1a1c01bbd47fc00a2c39e90264f33305004495a9",
    "hash": "4c59373e93e0548404239d9603239aafe1618a59"
  },
  "/Users/User/Projects/connor-devlin-portfolio/components/loading-spinner.js": {
    "path": "/Users/User/Projects/connor-devlin-portfolio/components/loading-spinner.js",
    "statementMap": {
      "0": {
        "start": {
          "line": 5,
          "column": 30
        },
        "end": {
          "line": 27,
          "column": 1
        }
      },
      "1": {
        "start": {
          "line": 7,
          "column": 4
        },
        "end": {
          "line": 25,
          "column": 6
        }
      },
      "2": {
        "start": {
          "line": 29,
          "column": 0
        },
        "end": {
          "line": 33,
          "column": 2
        }
      },
      "3": {
        "start": {
          "line": 35,
          "column": 17
        },
        "end": {
          "line": 45,
          "column": 1
        }
      },
      "4": {
        "start": {
          "line": 47,
          "column": 13
        },
        "end": {
          "line": 63,
          "column": 1
        }
      },
      "5": {
        "start": {
          "line": 65,
          "column": 16
        },
        "end": {
          "line": 107,
          "column": 1
        }
      },
      "6": {
        "start": {
          "line": 66,
          "column": 29
        },
        "end": {
          "line": 66,
          "column": 54
        }
      },
      "7": {
        "start": {
          "line": 69,
          "column": 26
        },
        "end": {
          "line": 69,
          "column": 46
        }
      },
      "8": {
        "start": {
          "line": 70,
          "column": 27
        },
        "end": {
          "line": 70,
          "column": 47
        }
      },
      "9": {
        "start": {
          "line": 76,
          "column": 30
        },
        "end": {
          "line": 76,
          "column": 49
        }
      }
    },
    "fnMap": {
      "0": {
        "name": "(anonymous_0)",
        "decl": {
          "start": {
            "line": 6,
            "column": 2
          },
          "end": {
            "line": 6,
            "column": 3
          }
        },
        "loc": {
          "start": {
            "line": 6,
            "column": 37
          },
          "end": {
            "line": 26,
            "column": 3
          }
        },
        "line": 6
      },
      "1": {
        "name": "(anonymous_1)",
        "decl": {
          "start": {
            "line": 66,
            "column": 12
          },
          "end": {
            "line": 66,
            "column": 13
          }
        },
        "loc": {
          "start": {
            "line": 66,
            "column": 29
          },
          "end": {
            "line": 66,
            "column": 54
          }
        },
        "line": 66
      },
      "2": {
        "name": "(anonymous_2)",
        "decl": {
          "start": {
            "line": 69,
            "column": 11
          },
          "end": {
            "line": 69,
            "column": 12
          }
        },
        "loc": {
          "start": {
            "line": 69,
            "column": 26
          },
          "end": {
            "line": 69,
            "column": 46
          }
        },
        "line": 69
      },
      "3": {
        "name": "(anonymous_3)",
        "decl": {
          "start": {
            "line": 70,
            "column": 12
          },
          "end": {
            "line": 70,
            "column": 13
          }
        },
        "loc": {
          "start": {
            "line": 70,
            "column": 27
          },
          "end": {
            "line": 70,
            "column": 47
          }
        },
        "line": 70
      },
      "4": {
        "name": "(anonymous_4)",
        "decl": {
          "start": {
            "line": 76,
            "column": 13
          },
          "end": {
            "line": 76,
            "column": 14
          }
        },
        "loc": {
          "start": {
            "line": 76,
            "column": 30
          },
          "end": {
            "line": 76,
            "column": 49
          }
        },
        "line": 76
      }
    },
    "branchMap": {
      "0": {
        "loc": {
          "start": {
            "line": 66,
            "column": 29
          },
          "end": {
            "line": 66,
            "column": 54
          }
        },
        "type": "cond-expr",
        "locations": [
          {
            "start": {
              "line": 66,
              "column": 38
            },
            "end": {
              "line": 66,
              "column": 44
            }
          },
          {
            "start": {
              "line": 66,
              "column": 47
            },
            "end": {
              "line": 66,
              "column": 54
            }
          }
        ],
        "line": 66
      },
      "1": {
        "loc": {
          "start": {
            "line": 69,
            "column": 26
          },
          "end": {
            "line": 69,
            "column": 46
          }
        },
        "type": "cond-expr",
        "locations": [
          {
            "start": {
              "line": 69,
              "column": 33
            },
            "end": {
              "line": 69,
              "column": 37
            }
          },
          {
            "start": {
              "line": 69,
              "column": 40
            },
            "end": {
              "line": 69,
              "column": 46
            }
          }
        ],
        "line": 69
      },
      "2": {
        "loc": {
          "start": {
            "line": 70,
            "column": 27
          },
          "end": {
            "line": 70,
            "column": 47
          }
        },
        "type": "cond-expr",
        "locations": [
          {
            "start": {
              "line": 70,
              "column": 34
            },
            "end": {
              "line": 70,
              "column": 38
            }
          },
          {
            "start": {
              "line": 70,
              "column": 41
            },
            "end": {
              "line": 70,
              "column": 47
            }
          }
        ],
        "line": 70
      },
      "3": {
        "loc": {
          "start": {
            "line": 76,
            "column": 30
          },
          "end": {
            "line": 76,
            "column": 49
          }
        },
        "type": "cond-expr",
        "locations": [
          {
            "start": {
              "line": 76,
              "column": 39
            },
            "end": {
              "line": 76,
              "column": 45
            }
          },
          {
            "start": {
              "line": 76,
              "column": 48
            },
            "end": {
              "line": 76,
              "column": 49
            }
          }
        ],
        "line": 76
      }
    },
    "s": {
      "0": 19,
      "1": 15,
      "2": 19,
      "3": 19,
      "4": 19,
      "5": 19,
      "6": 15,
      "7": 15,
      "8": 15,
      "9": 15
    },
    "f": {
      "0": 15,
      "1": 15,
      "2": 15,
      "3": 15,
      "4": 15
    },
    "b": {
      "0": [
        0,
        15
      ],
      "1": [
        15,
        0
      ],
      "2": [
        15,
        0
      ],
      "3": [
        0,
        15
      ]
    },
    "_coverageSchema": "1a1c01bbd47fc00a2c39e90264f33305004495a9",
    "hash": "bda5f48e0bc183021cc176a7028c77297a02190a"
  },
  "/Users/User/Projects/connor-devlin-portfolio/components/common/imageLoader.jsx": {
    "path": "/Users/User/Projects/connor-devlin-portfolio/components/common/imageLoader.jsx",
    "statementMap": {
      "0": {
        "start": {
          "line": 9,
          "column": 20
        },
        "end": {
          "line": 110,
          "column": 1
        }
      },
      "1": {
        "start": {
          "line": 37,
          "column": 34
        },
        "end": {
          "line": 37,
          "column": 49
        }
      },
      "2": {
        "start": {
          "line": 39,
          "column": 26
        },
        "end": {
          "line": 42,
          "column": 4
        }
      },
      "3": {
        "start": {
          "line": 44,
          "column": 17
        },
        "end": {
          "line": 49,
          "column": 3
        }
      },
      "4": {
        "start": {
          "line": 45,
          "column": 4
        },
        "end": {
          "line": 45,
          "column": 22
        }
      },
      "5": {
        "start": {
          "line": 46,
          "column": 4
        },
        "end": {
          "line": 48,
          "column": 5
        }
      },
      "6": {
        "start": {
          "line": 47,
          "column": 6
        },
        "end": {
          "line": 47,
          "column": 34
        }
      },
      "7": {
        "start": {
          "line": 51,
          "column": 20
        },
        "end": {
          "line": 71,
          "column": 3
        }
      },
      "8": {
        "start": {
          "line": 73,
          "column": 2
        },
        "end": {
          "line": 109,
          "column": 4
        }
      },
      "9": {
        "start": {
          "line": 114,
          "column": 0
        },
        "end": {
          "line": 141,
          "column": 2
        }
      },
      "10": {
        "start": {
          "line": 143,
          "column": 23
        },
        "end": {
          "line": 155,
          "column": 1
        }
      },
      "11": {
        "start": {
          "line": 147,
          "column": 34
        },
        "end": {
          "line": 147,
          "column": 62
        }
      },
      "12": {
        "start": {
          "line": 148,
          "column": 27
        },
        "end": {
          "line": 148,
          "column": 49
        }
      },
      "13": {
        "start": {
          "line": 151,
          "column": 34
        },
        "end": {
          "line": 151,
          "column": 63
        }
      },
      "14": {
        "start": {
          "line": 152,
          "column": 34
        },
        "end": {
          "line": 152,
          "column": 59
        }
      },
      "15": {
        "start": {
          "line": 153,
          "column": 42
        },
        "end": {
          "line": 153,
          "column": 77
        }
      },
      "16": {
        "start": {
          "line": 154,
          "column": 28
        },
        "end": {
          "line": 154,
          "column": 54
        }
      },
      "17": {
        "start": {
          "line": 157,
          "column": 20
        },
        "end": {
          "line": 165,
          "column": 1
        }
      },
      "18": {
        "start": {
          "line": 159,
          "column": 30
        },
        "end": {
          "line": 159,
          "column": 57
        }
      },
      "19": {
        "start": {
          "line": 161,
          "column": 4
        },
        "end": {
          "line": 161,
          "column": 46
        }
      },
      "20": {
        "start": {
          "line": 163,
          "column": 4
        },
        "end": {
          "line": 163,
          "column": 55
        }
      },
      "21": {
        "start": {
          "line": 164,
          "column": 42
        },
        "end": {
          "line": 164,
          "column": 77
        }
      },
      "22": {
        "start": {
          "line": 167,
          "column": 14
        },
        "end": {
          "line": 183,
          "column": 3
        }
      },
      "23": {
        "start": {
          "line": 178,
          "column": 42
        },
        "end": {
          "line": 178,
          "column": 77
        }
      },
      "24": {
        "start": {
          "line": 180,
          "column": 30
        },
        "end": {
          "line": 180,
          "column": 59
        }
      }
    },
    "fnMap": {
      "0": {
        "name": "(anonymous_0)",
        "decl": {
          "start": {
            "line": 9,
            "column": 20
          },
          "end": {
            "line": 9,
            "column": 21
          }
        },
        "loc": {
          "start": {
            "line": 36,
            "column": 6
          },
          "end": {
            "line": 110,
            "column": 1
          }
        },
        "line": 36
      },
      "1": {
        "name": "(anonymous_1)",
        "decl": {
          "start": {
            "line": 44,
            "column": 17
          },
          "end": {
            "line": 44,
            "column": 18
          }
        },
        "loc": {
          "start": {
            "line": 44,
            "column": 23
          },
          "end": {
            "line": 49,
            "column": 3
          }
        },
        "line": 44
      },
      "2": {
        "name": "(anonymous_2)",
        "decl": {
          "start": {
            "line": 147,
            "column": 15
          },
          "end": {
            "line": 147,
            "column": 16
          }
        },
        "loc": {
          "start": {
            "line": 147,
            "column": 34
          },
          "end": {
            "line": 147,
            "column": 62
          }
        },
        "line": 147
      },
      "3": {
        "name": "(anonymous_3)",
        "decl": {
          "start": {
            "line": 148,
            "column": 11
          },
          "end": {
            "line": 148,
            "column": 12
          }
        },
        "loc": {
          "start": {
            "line": 148,
            "column": 27
          },
          "end": {
            "line": 148,
            "column": 49
          }
        },
        "line": 148
      },
      "4": {
        "name": "(anonymous_4)",
        "decl": {
          "start": {
            "line": 151,
            "column": 12
          },
          "end": {
            "line": 151,
            "column": 13
          }
        },
        "loc": {
          "start": {
            "line": 151,
            "column": 34
          },
          "end": {
            "line": 151,
            "column": 63
          }
        },
        "line": 151
      },
      "5": {
        "name": "(anonymous_5)",
        "decl": {
          "start": {
            "line": 152,
            "column": 13
          },
          "end": {
            "line": 152,
            "column": 14
          }
        },
        "loc": {
          "start": {
            "line": 152,
            "column": 34
          },
          "end": {
            "line": 152,
            "column": 59
          }
        },
        "line": 152
      },
      "6": {
        "name": "(anonymous_6)",
        "decl": {
          "start": {
            "line": 153,
            "column": 19
          },
          "end": {
            "line": 153,
            "column": 20
          }
        },
        "loc": {
          "start": {
            "line": 153,
            "column": 42
          },
          "end": {
            "line": 153,
            "column": 77
          }
        },
        "line": 153
      },
      "7": {
        "name": "(anonymous_7)",
        "decl": {
          "start": {
            "line": 154,
            "column": 14
          },
          "end": {
            "line": 154,
            "column": 15
          }
        },
        "loc": {
          "start": {
            "line": 154,
            "column": 28
          },
          "end": {
            "line": 154,
            "column": 54
          }
        },
        "line": 154
      },
      "8": {
        "name": "(anonymous_8)",
        "decl": {
          "start": {
            "line": 159,
            "column": 13
          },
          "end": {
            "line": 159,
            "column": 14
          }
        },
        "loc": {
          "start": {
            "line": 159,
            "column": 30
          },
          "end": {
            "line": 159,
            "column": 57
          }
        },
        "line": 159
      },
      "9": {
        "name": "(anonymous_9)",
        "decl": {
          "start": {
            "line": 160,
            "column": 20
          },
          "end": {
            "line": 160,
            "column": 21
          }
        },
        "loc": {
          "start": {
            "line": 161,
            "column": 4
          },
          "end": {
            "line": 161,
            "column": 46
          }
        },
        "line": 161
      },
      "10": {
        "name": "(anonymous_10)",
        "decl": {
          "start": {
            "line": 162,
            "column": 16
          },
          "end": {
            "line": 162,
            "column": 17
          }
        },
        "loc": {
          "start": {
            "line": 163,
            "column": 4
          },
          "end": {
            "line": 163,
            "column": 55
          }
        },
        "line": 163
      },
      "11": {
        "name": "(anonymous_11)",
        "decl": {
          "start": {
            "line": 164,
            "column": 19
          },
          "end": {
            "line": 164,
            "column": 20
          }
        },
        "loc": {
          "start": {
            "line": 164,
            "column": 42
          },
          "end": {
            "line": 164,
            "column": 77
          }
        },
        "line": 164
      },
      "12": {
        "name": "(anonymous_12)",
        "decl": {
          "start": {
            "line": 178,
            "column": 19
          },
          "end": {
            "line": 178,
            "column": 20
          }
        },
        "loc": {
          "start": {
            "line": 178,
            "column": 42
          },
          "end": {
            "line": 178,
            "column": 77
          }
        },
        "line": 178
      },
      "13": {
        "name": "(anonymous_13)",
        "decl": {
          "start": {
            "line": 180,
            "column": 14
          },
          "end": {
            "line": 180,
            "column": 15
          }
        },
        "loc": {
          "start": {
            "line": 180,
            "column": 30
          },
          "end": {
            "line": 180,
            "column": 59
          }
        },
        "line": 180
      }
    },
    "branchMap": {
      "0": {
        "loc": {
          "start": {
            "line": 46,
            "column": 4
          },
          "end": {
            "line": 48,
            "column": 5
          }
        },
        "type": "if",
        "locations": [
          {
            "start": {
              "line": 46,
              "column": 4
            },
            "end": {
              "line": 48,
              "column": 5
            }
          },
          {
            "start": {
              "line": 46,
              "column": 4
            },
            "end": {
              "line": 48,
              "column": 5
            }
          }
        ],
        "line": 46
      },
      "1": {
        "loc": {
          "start": {
            "line": 53,
            "column": 15
          },
          "end": {
            "line": 53,
            "column": 49
          }
        },
        "type": "cond-expr",
        "locations": [
          {
            "start": {
              "line": 53,
              "column": 38
            },
            "end": {
              "line": 53,
              "column": 39
            }
          },
          {
            "start": {
              "line": 53,
              "column": 42
            },
            "end": {
              "line": 53,
              "column": 49
            }
          }
        ],
        "line": 53
      },
      "2": {
        "loc": {
          "start": {
            "line": 54,
            "column": 9
          },
          "end": {
            "line": 54,
            "column": 18
          }
        },
        "type": "cond-expr",
        "locations": [
          {
            "start": {
              "line": 54,
              "column": 13
            },
            "end": {
              "line": 54,
              "column": 14
            }
          },
          {
            "start": {
              "line": 54,
              "column": 17
            },
            "end": {
              "line": 54,
              "column": 18
            }
          }
        ],
        "line": 54
      },
      "3": {
        "loc": {
          "start": {
            "line": 55,
            "column": 9
          },
          "end": {
            "line": 55,
            "column": 18
          }
        },
        "type": "cond-expr",
        "locations": [
          {
            "start": {
              "line": 55,
              "column": 13
            },
            "end": {
              "line": 55,
              "column": 14
            }
          },
          {
            "start": {
              "line": 55,
              "column": 17
            },
            "end": {
              "line": 55,
              "column": 18
            }
          }
        ],
        "line": 55
      },
      "4": {
        "loc": {
          "start": {
            "line": 56,
            "column": 13
          },
          "end": {
            "line": 56,
            "column": 43
          }
        },
        "type": "cond-expr",
        "locations": [
          {
            "start": {
              "line": 56,
              "column": 34
            },
            "end": {
              "line": 56,
              "column": 35
            }
          },
          {
            "start": {
              "line": 56,
              "column": 38
            },
            "end": {
              "line": 56,
              "column": 43
            }
          }
        ],
        "line": 56
      },
      "5": {
        "loc": {
          "start": {
            "line": 57,
            "column": 14
          },
          "end": {
            "line": 57,
            "column": 52
          }
        },
        "type": "cond-expr",
        "locations": [
          {
            "start": {
              "line": 57,
              "column": 21
            },
            "end": {
              "line": 57,
              "column": 38
            }
          },
          {
            "start": {
              "line": 57,
              "column": 41
            },
            "end": {
              "line": 57,
              "column": 52
            }
          }
        ],
        "line": 57
      },
      "6": {
        "loc": {
          "start": {
            "line": 67,
            "column": 18
          },
          "end": {
            "line": 67,
            "column": 49
          }
        },
        "type": "cond-expr",
        "locations": [
          {
            "start": {
              "line": 67,
              "column": 29
            },
            "end": {
              "line": 67,
              "column": 37
            }
          },
          {
            "start": {
              "line": 67,
              "column": 40
            },
            "end": {
              "line": 67,
              "column": 49
            }
          }
        ],
        "line": 67
      },
      "7": {
        "loc": {
          "start": {
            "line": 68,
            "column": 15
          },
          "end": {
            "line": 68,
            "column": 32
          }
        },
        "type": "cond-expr",
        "locations": [
          {
            "start": {
              "line": 68,
              "column": 23
            },
            "end": {
              "line": 68,
              "column": 28
            }
          },
          {
            "start": {
              "line": 68,
              "column": 31
            },
            "end": {
              "line": 68,
              "column": 32
            }
          }
        ],
        "line": 68
      },
      "8": {
        "loc": {
          "start": {
            "line": 82,
            "column": 15
          },
          "end": {
            "line": 82,
            "column": 43
          }
        },
        "type": "cond-expr",
        "locations": [
          {
            "start": {
              "line": 82,
              "column": 26
            },
            "end": {
              "line": 82,
              "column": 32
            }
          },
          {
            "start": {
              "line": 82,
              "column": 35
            },
            "end": {
              "line": 82,
              "column": 43
            }
          }
        ],
        "line": 82
      },
      "9": {
        "loc": {
          "start": {
            "line": 93,
            "column": 7
          },
          "end": {
            "line": 106,
            "column": 7
          }
        },
        "type": "binary-expr",
        "locations": [
          {
            "start": {
              "line": 93,
              "column": 7
            },
            "end": {
              "line": 93,
              "column": 10
            }
          },
          {
            "start": {
              "line": 93,
              "column": 14
            },
            "end": {
              "line": 93,
              "column": 20
            }
          },
          {
            "start": {
              "line": 94,
              "column": 8
            },
            "end": {
              "line": 105,
              "column": 10
            }
          }
        ],
        "line": 93
      },
      "10": {
        "loc": {
          "start": {
            "line": 107,
            "column": 7
          },
          "end": {
            "line": 107,
            "column": 68
          }
        },
        "type": "binary-expr",
        "locations": [
          {
            "start": {
              "line": 107,
              "column": 7
            },
            "end": {
              "line": 107,
              "column": 21
            }
          },
          {
            "start": {
              "line": 107,
              "column": 25
            },
            "end": {
              "line": 107,
              "column": 34
            }
          },
          {
            "start": {
              "line": 107,
              "column": 38
            },
            "end": {
              "line": 107,
              "column": 68
            }
          }
        ],
        "line": 107
      },
      "11": {
        "loc": {
          "start": {
            "line": 147,
            "column": 34
          },
          "end": {
            "line": 147,
            "column": 62
          }
        },
        "type": "cond-expr",
        "locations": [
          {
            "start": {
              "line": 147,
              "column": 45
            },
            "end": {
              "line": 147,
              "column": 53
            }
          },
          {
            "start": {
              "line": 147,
              "column": 56
            },
            "end": {
              "line": 147,
              "column": 62
            }
          }
        ],
        "line": 147
      },
      "12": {
        "loc": {
          "start": {
            "line": 148,
            "column": 27
          },
          "end": {
            "line": 148,
            "column": 49
          }
        },
        "type": "cond-expr",
        "locations": [
          {
            "start": {
              "line": 148,
              "column": 35
            },
            "end": {
              "line": 148,
              "column": 40
            }
          },
          {
            "start": {
              "line": 148,
              "column": 43
            },
            "end": {
              "line": 148,
              "column": 49
            }
          }
        ],
        "line": 148
      },
      "13": {
        "loc": {
          "start": {
            "line": 151,
            "column": 34
          },
          "end": {
            "line": 151,
            "column": 63
          }
        },
        "type": "cond-expr",
        "locations": [
          {
            "start": {
              "line": 151,
              "column": 48
            },
            "end": {
              "line": 151,
              "column": 54
            }
          },
          {
            "start": {
              "line": 151,
              "column": 57
            },
            "end": {
              "line": 151,
              "column": 63
            }
          }
        ],
        "line": 151
      },
      "14": {
        "loc": {
          "start": {
            "line": 152,
            "column": 34
          },
          "end": {
            "line": 152,
            "column": 59
          }
        },
        "type": "cond-expr",
        "locations": [
          {
            "start": {
              "line": 152,
              "column": 47
            },
            "end": {
              "line": 152,
              "column": 53
            }
          },
          {
            "start": {
              "line": 152,
              "column": 56
            },
            "end": {
              "line": 152,
              "column": 59
            }
          }
        ],
        "line": 152
      },
      "15": {
        "loc": {
          "start": {
            "line": 153,
            "column": 42
          },
          "end": {
            "line": 153,
            "column": 77
          }
        },
        "type": "cond-expr",
        "locations": [
          {
            "start": {
              "line": 153,
              "column": 57
            },
            "end": {
              "line": 153,
              "column": 69
            }
          },
          {
            "start": {
              "line": 153,
              "column": 72
            },
            "end": {
              "line": 153,
              "column": 77
            }
          }
        ],
        "line": 153
      },
      "16": {
        "loc": {
          "start": {
            "line": 154,
            "column": 28
          },
          "end": {
            "line": 154,
            "column": 54
          }
        },
        "type": "cond-expr",
        "locations": [
          {
            "start": {
              "line": 154,
              "column": 34
            },
            "end": {
              "line": 154,
              "column": 43
            }
          },
          {
            "start": {
              "line": 154,
              "column": 46
            },
            "end": {
              "line": 154,
              "column": 54
            }
          }
        ],
        "line": 154
      },
      "17": {
        "loc": {
          "start": {
            "line": 159,
            "column": 30
          },
          "end": {
            "line": 159,
            "column": 57
          }
        },
        "type": "cond-expr",
        "locations": [
          {
            "start": {
              "line": 159,
              "column": 39
            },
            "end": {
              "line": 159,
              "column": 45
            }
          },
          {
            "start": {
              "line": 159,
              "column": 48
            },
            "end": {
              "line": 159,
              "column": 57
            }
          }
        ],
        "line": 159
      },
      "18": {
        "loc": {
          "start": {
            "line": 161,
            "column": 4
          },
          "end": {
            "line": 161,
            "column": 46
          }
        },
        "type": "cond-expr",
        "locations": [
          {
            "start": {
              "line": 161,
              "column": 22
            },
            "end": {
              "line": 161,
              "column": 37
            }
          },
          {
            "start": {
              "line": 161,
              "column": 40
            },
            "end": {
              "line": 161,
              "column": 46
            }
          }
        ],
        "line": 161
      },
      "19": {
        "loc": {
          "start": {
            "line": 163,
            "column": 4
          },
          "end": {
            "line": 163,
            "column": 55
          }
        },
        "type": "cond-expr",
        "locations": [
          {
            "start": {
              "line": 163,
              "column": 23
            },
            "end": {
              "line": 163,
              "column": 39
            }
          },
          {
            "start": {
              "line": 163,
              "column": 42
            },
            "end": {
              "line": 163,
              "column": 55
            }
          }
        ],
        "line": 163
      },
      "20": {
        "loc": {
          "start": {
            "line": 164,
            "column": 42
          },
          "end": {
            "line": 164,
            "column": 77
          }
        },
        "type": "cond-expr",
        "locations": [
          {
            "start": {
              "line": 164,
              "column": 57
            },
            "end": {
              "line": 164,
              "column": 69
            }
          },
          {
            "start": {
              "line": 164,
              "column": 72
            },
            "end": {
              "line": 164,
              "column": 77
            }
          }
        ],
        "line": 164
      },
      "21": {
        "loc": {
          "start": {
            "line": 178,
            "column": 42
          },
          "end": {
            "line": 178,
            "column": 77
          }
        },
        "type": "cond-expr",
        "locations": [
          {
            "start": {
              "line": 178,
              "column": 57
            },
            "end": {
              "line": 178,
              "column": 69
            }
          },
          {
            "start": {
              "line": 178,
              "column": 72
            },
            "end": {
              "line": 178,
              "column": 77
            }
          }
        ],
        "line": 178
      },
      "22": {
        "loc": {
          "start": {
            "line": 180,
            "column": 30
          },
          "end": {
            "line": 180,
            "column": 59
          }
        },
        "type": "cond-expr",
        "locations": [
          {
            "start": {
              "line": 180,
              "column": 38
            },
            "end": {
              "line": 180,
              "column": 47
            }
          },
          {
            "start": {
              "line": 180,
              "column": 50
            },
            "end": {
              "line": 180,
              "column": 59
            }
          }
        ],
        "line": 180
      }
    },
    "s": {
      "0": 19,
      "1": 1419,
      "2": 1419,
      "3": 1419,
      "4": 339,
      "5": 339,
      "6": 291,
      "7": 1419,
      "8": 1419,
      "9": 19,
      "10": 19,
      "11": 1419,
      "12": 1419,
      "13": 1419,
      "14": 1419,
      "15": 1419,
      "16": 1419,
      "17": 19,
      "18": 1419,
      "19": 1419,
      "20": 1419,
      "21": 1419,
      "22": 19,
      "23": 1005,
      "24": 1005
    },
    "f": {
      "0": 1419,
      "1": 339,
      "2": 1419,
      "3": 1419,
      "4": 1419,
      "5": 1419,
      "6": 1419,
      "7": 1419,
      "8": 1419,
      "9": 1419,
      "10": 1419,
      "11": 1419,
      "12": 1005,
      "13": 1005
    },
    "b": {
      "0": [
        291,
        48
      ],
      "1": [
        1143,
        276
      ],
      "2": [
        0,
        1419
      ],
      "3": [
        0,
        1419
      ],
      "4": [
        1269,
        150
      ],
      "5": [
        0,
        1419
      ],
      "6": [
        0,
        1419
      ],
      "7": [
        0,
        1419
      ],
      "8": [
        621,
        798
      ],
      "9": [
        1419,
        1419,
        1005
      ],
      "10": [
        1419,
        0,
        0
      ],
      "11": [
        1292,
        127
      ],
      "12": [
        127,
        1292
      ],
      "13": [
        66,
        1353
      ],
      "14": [
        0,
        1419
      ],
      "15": [
        90,
        1329
      ],
      "16": [
        0,
        1419
      ],
      "17": [
        0,
        1419
      ],
      "18": [
        1419,
        0
      ],
      "19": [
        0,
        1419
      ],
      "20": [
        90,
        1329
      ],
      "21": [
        54,
        951
      ],
      "22": [
        897,
        108
      ]
    },
    "_coverageSchema": "1a1c01bbd47fc00a2c39e90264f33305004495a9",
    "hash": "b4e02a40da1e39b194885a7376062aa85b1a6d60"
  },
  "/Users/User/Projects/connor-devlin-portfolio/components/common/utils/isEmpty.js": {
    "path": "/Users/User/Projects/connor-devlin-portfolio/components/common/utils/isEmpty.js",
    "statementMap": {
      "0": {
        "start": {
          "line": 8,
          "column": 26
        },
        "end": {
          "line": 14,
          "column": 1
        }
      },
      "1": {
        "start": {
          "line": 10,
          "column": 4
        },
        "end": {
          "line": 12,
          "column": 30
        }
      },
      "2": {
        "start": {
          "line": 13,
          "column": 2
        },
        "end": {
          "line": 13,
          "column": 16
        }
      },
      "3": {
        "start": {
          "line": 16,
          "column": 0
        },
        "end": {
          "line": 18,
          "column": 2
        }
      },
      "4": {
        "start": {
          "line": 20,
          "column": 28
        },
        "end": {
          "line": 28,
          "column": 1
        }
      },
      "5": {
        "start": {
          "line": 21,
          "column": 2
        },
        "end": {
          "line": 26,
          "column": 3
        }
      },
      "6": {
        "start": {
          "line": 25,
          "column": 4
        },
        "end": {
          "line": 25,
          "column": 33
        }
      },
      "7": {
        "start": {
          "line": 27,
          "column": 2
        },
        "end": {
          "line": 27,
          "column": 15
        }
      },
      "8": {
        "start": {
          "line": 30,
          "column": 0
        },
        "end": {
          "line": 32,
          "column": 2
        }
      }
    },
    "fnMap": {
      "0": {
        "name": "(anonymous_0)",
        "decl": {
          "start": {
            "line": 8,
            "column": 26
          },
          "end": {
            "line": 8,
            "column": 27
          }
        },
        "loc": {
          "start": {
            "line": 8,
            "column": 35
          },
          "end": {
            "line": 14,
            "column": 1
          }
        },
        "line": 8
      },
      "1": {
        "name": "(anonymous_1)",
        "decl": {
          "start": {
            "line": 20,
            "column": 28
          },
          "end": {
            "line": 20,
            "column": 29
          }
        },
        "loc": {
          "start": {
            "line": 20,
            "column": 39
          },
          "end": {
            "line": 28,
            "column": 1
          }
        },
        "line": 20
      }
    },
    "branchMap": {
      "0": {
        "loc": {
          "start": {
            "line": 10,
            "column": 4
          },
          "end": {
            "line": 12,
            "column": 30
          }
        },
        "type": "binary-expr",
        "locations": [
          {
            "start": {
              "line": 10,
              "column": 4
            },
            "end": {
              "line": 10,
              "column": 27
            }
          },
          {
            "start": {
              "line": 11,
              "column": 4
            },
            "end": {
              "line": 11,
              "column": 33
            }
          },
          {
            "start": {
              "line": 12,
              "column": 4
            },
            "end": {
              "line": 12,
              "column": 30
            }
          }
        ],
        "line": 10
      },
      "1": {
        "loc": {
          "start": {
            "line": 21,
            "column": 2
          },
          "end": {
            "line": 26,
            "column": 3
          }
        },
        "type": "if",
        "locations": [
          {
            "start": {
              "line": 21,
              "column": 2
            },
            "end": {
              "line": 26,
              "column": 3
            }
          },
          {
            "start": {
              "line": 21,
              "column": 2
            },
            "end": {
              "line": 26,
              "column": 3
            }
          }
        ],
        "line": 21
      },
      "2": {
        "loc": {
          "start": {
            "line": 22,
            "column": 4
          },
          "end": {
            "line": 23,
            "column": 62
          }
        },
        "type": "binary-expr",
        "locations": [
          {
            "start": {
              "line": 22,
              "column": 4
            },
            "end": {
              "line": 22,
              "column": 24
            }
          },
          {
            "start": {
              "line": 23,
              "column": 4
            },
            "end": {
              "line": 23,
              "column": 62
            }
          }
        ],
        "line": 22
      }
    },
    "s": {
      "0": 19,
      "1": 0,
      "2": 0,
      "3": 19,
      "4": 19,
      "5": 70,
      "6": 70,
      "7": 0,
      "8": 19
    },
    "f": {
      "0": 0,
      "1": 70
    },
    "b": {
      "0": [
        0,
        0,
        0
      ],
      "1": [
        70,
        0
      ],
      "2": [
        70,
        0
      ]
    },
    "_coverageSchema": "1a1c01bbd47fc00a2c39e90264f33305004495a9",
    "hash": "eb4ded416ea2a71195833ec4c553a3ee94b175b0"
  },
  "/Users/User/Projects/connor-devlin-portfolio/pages/api/auth.js": {
    "path": "/Users/User/Projects/connor-devlin-portfolio/pages/api/auth.js",
    "statementMap": {
      "0": {
        "start": {
          "line": 7,
          "column": 16
        },
        "end": {
          "line": 14,
          "column": 1
        }
      },
      "1": {
        "start": {
          "line": 21,
          "column": 2
        },
        "end": {
          "line": 44,
          "column": 3
        }
      },
      "2": {
        "start": {
          "line": 22,
          "column": 21
        },
        "end": {
          "line": 30,
          "column": 5
        }
      },
      "3": {
        "start": {
          "line": 31,
          "column": 17
        },
        "end": {
          "line": 34,
          "column": 5
        }
      },
      "4": {
        "start": {
          "line": 35,
          "column": 4
        },
        "end": {
          "line": 35,
          "column": 55
        }
      },
      "5": {
        "start": {
          "line": 36,
          "column": 4
        },
        "end": {
          "line": 36,
          "column": 16
        }
      },
      "6": {
        "start": {
          "line": 38,
          "column": 25
        },
        "end": {
          "line": 38,
          "column": 55
        }
      },
      "7": {
        "start": {
          "line": 39,
          "column": 4
        },
        "end": {
          "line": 43,
          "column": 5
        }
      },
      "8": {
        "start": {
          "line": 40,
          "column": 6
        },
        "end": {
          "line": 40,
          "column": 72
        }
      },
      "9": {
        "start": {
          "line": 41,
          "column": 11
        },
        "end": {
          "line": 43,
          "column": 5
        }
      },
      "10": {
        "start": {
          "line": 42,
          "column": 6
        },
        "end": {
          "line": 42,
          "column": 78
        }
      },
      "11": {
        "start": {
          "line": 48,
          "column": 2
        },
        "end": {
          "line": 59,
          "column": 3
        }
      },
      "12": {
        "start": {
          "line": 49,
          "column": 20
        },
        "end": {
          "line": 49,
          "column": 60
        }
      },
      "13": {
        "start": {
          "line": 50,
          "column": 22
        },
        "end": {
          "line": 50,
          "column": 29
        }
      },
      "14": {
        "start": {
          "line": 51,
          "column": 20
        },
        "end": {
          "line": 51,
          "column": 40
        }
      },
      "15": {
        "start": {
          "line": 52,
          "column": 4
        },
        "end": {
          "line": 56,
          "column": 5
        }
      },
      "16": {
        "start": {
          "line": 53,
          "column": 6
        },
        "end": {
          "line": 53,
          "column": 30
        }
      },
      "17": {
        "start": {
          "line": 55,
          "column": 6
        },
        "end": {
          "line": 55,
          "column": 18
        }
      },
      "18": {
        "start": {
          "line": 58,
          "column": 4
        },
        "end": {
          "line": 58,
          "column": 16
        }
      },
      "19": {
        "start": {
          "line": 63,
          "column": 2
        },
        "end": {
          "line": 63,
          "column": 34
        }
      },
      "20": {
        "start": {
          "line": 67,
          "column": 18
        },
        "end": {
          "line": 67,
          "column": 58
        }
      },
      "21": {
        "start": {
          "line": 68,
          "column": 28
        },
        "end": {
          "line": 68,
          "column": 35
        }
      },
      "22": {
        "start": {
          "line": 70,
          "column": 22
        },
        "end": {
          "line": 70,
          "column": 32
        }
      },
      "23": {
        "start": {
          "line": 71,
          "column": 26
        },
        "end": {
          "line": 71,
          "column": 42
        }
      },
      "24": {
        "start": {
          "line": 73,
          "column": 25
        },
        "end": {
          "line": 85,
          "column": 3
        }
      },
      "25": {
        "start": {
          "line": 87,
          "column": 2
        },
        "end": {
          "line": 97,
          "column": 3
        }
      },
      "26": {
        "start": {
          "line": 88,
          "column": 4
        },
        "end": {
          "line": 88,
          "column": 14
        }
      },
      "27": {
        "start": {
          "line": 89,
          "column": 4
        },
        "end": {
          "line": 89,
          "column": 16
        }
      },
      "28": {
        "start": {
          "line": 92,
          "column": 17
        },
        "end": {
          "line": 95,
          "column": 5
        }
      },
      "29": {
        "start": {
          "line": 96,
          "column": 4
        },
        "end": {
          "line": 96,
          "column": 55
        }
      },
      "30": {
        "start": {
          "line": 98,
          "column": 2
        },
        "end": {
          "line": 98,
          "column": 15
        }
      }
    },
    "fnMap": {
      "0": {
        "name": "signIn",
        "decl": {
          "start": {
            "line": 20,
            "column": 22
          },
          "end": {
            "line": 20,
            "column": 28
          }
        },
        "loc": {
          "start": {
            "line": 20,
            "column": 39
          },
          "end": {
            "line": 45,
            "column": 1
          }
        },
        "line": 20
      },
      "1": {
        "name": "getCurrentUser",
        "decl": {
          "start": {
            "line": 47,
            "column": 16
          },
          "end": {
            "line": 47,
            "column": 30
          }
        },
        "loc": {
          "start": {
            "line": 47,
            "column": 33
          },
          "end": {
            "line": 60,
            "column": 1
          }
        },
        "line": 47
      },
      "2": {
        "name": "signOut",
        "decl": {
          "start": {
            "line": 62,
            "column": 16
          },
          "end": {
            "line": 62,
            "column": 23
          }
        },
        "loc": {
          "start": {
            "line": 62,
            "column": 26
          },
          "end": {
            "line": 64,
            "column": 1
          }
        },
        "line": 62
      },
      "3": {
        "name": "userSessionExpired",
        "decl": {
          "start": {
            "line": 66,
            "column": 16
          },
          "end": {
            "line": 66,
            "column": 34
          }
        },
        "loc": {
          "start": {
            "line": 66,
            "column": 37
          },
          "end": {
            "line": 99,
            "column": 1
          }
        },
        "line": 66
      }
    },
    "branchMap": {
      "0": {
        "loc": {
          "start": {
            "line": 39,
            "column": 4
          },
          "end": {
            "line": 43,
            "column": 5
          }
        },
        "type": "if",
        "locations": [
          {
            "start": {
              "line": 39,
              "column": 4
            },
            "end": {
              "line": 43,
              "column": 5
            }
          },
          {
            "start": {
              "line": 39,
              "column": 4
            },
            "end": {
              "line": 43,
              "column": 5
            }
          }
        ],
        "line": 39
      },
      "1": {
        "loc": {
          "start": {
            "line": 41,
            "column": 11
          },
          "end": {
            "line": 43,
            "column": 5
          }
        },
        "type": "if",
        "locations": [
          {
            "start": {
              "line": 41,
              "column": 11
            },
            "end": {
              "line": 43,
              "column": 5
            }
          },
          {
            "start": {
              "line": 41,
              "column": 11
            },
            "end": {
              "line": 43,
              "column": 5
            }
          }
        ],
        "line": 41
      },
      "2": {
        "loc": {
          "start": {
            "line": 52,
            "column": 4
          },
          "end": {
            "line": 56,
            "column": 5
          }
        },
        "type": "if",
        "locations": [
          {
            "start": {
              "line": 52,
              "column": 4
            },
            "end": {
              "line": 56,
              "column": 5
            }
          },
          {
            "start": {
              "line": 52,
              "column": 4
            },
            "end": {
              "line": 56,
              "column": 5
            }
          }
        ],
        "line": 52
      },
      "3": {
        "loc": {
          "start": {
            "line": 87,
            "column": 2
          },
          "end": {
            "line": 97,
            "column": 3
          }
        },
        "type": "if",
        "locations": [
          {
            "start": {
              "line": 87,
              "column": 2
            },
            "end": {
              "line": 97,
              "column": 3
            }
          },
          {
            "start": {
              "line": 87,
              "column": 2
            },
            "end": {
              "line": 97,
              "column": 3
            }
          }
        ],
        "line": 87
      }
    },
    "s": {
      "0": 19,
      "1": 15,
      "2": 15,
      "3": 15,
      "4": 15,
      "5": 15,
      "6": 0,
      "7": 0,
      "8": 0,
      "9": 0,
      "10": 0,
      "11": 57,
      "12": 57,
      "13": 57,
      "14": 26,
      "15": 26,
      "16": 26,
      "17": 0,
      "18": 31,
      "19": 1,
      "20": 26,
      "21": 26,
      "22": 26,
      "23": 26,
      "24": 26,
      "25": 26,
      "26": 0,
      "27": 0,
      "28": 26,
      "29": 26,
      "30": 26
    },
    "f": {
      "0": 15,
      "1": 57,
      "2": 1,
      "3": 26
    },
    "b": {
      "0": [
        0,
        0
      ],
      "1": [
        0,
        0
      ],
      "2": [
        26,
        0
      ],
      "3": [
        0,
        26
      ]
    },
    "_coverageSchema": "1a1c01bbd47fc00a2c39e90264f33305004495a9",
    "hash": "fdc8696a9d63fb8a3b53258daf3d5d19de6e6e75"
  },
  "/Users/User/Projects/connor-devlin-portfolio/pages/_app.js": {
    "path": "/Users/User/Projects/connor-devlin-portfolio/pages/_app.js",
    "statementMap": {
      "0": {
        "start": {
          "line": 16,
          "column": 0
        },
        "end": {
          "line": 16,
          "column": 14
        }
      },
      "1": {
        "start": {
          "line": 18,
          "column": 14
        },
        "end": {
          "line": 26,
          "column": 1
        }
      },
      "2": {
        "start": {
          "line": 28,
          "column": 14
        },
        "end": {
          "line": 67,
          "column": 1
        }
      },
      "3": {
        "start": {
          "line": 30,
          "column": 17
        },
        "end": {
          "line": 30,
          "column": 28
        }
      },
      "4": {
        "start": {
          "line": 31,
          "column": 2
        },
        "end": {
          "line": 39,
          "column": 22
        }
      },
      "5": {
        "start": {
          "line": 32,
          "column": 30
        },
        "end": {
          "line": 34,
          "column": 5
        }
      },
      "6": {
        "start": {
          "line": 33,
          "column": 6
        },
        "end": {
          "line": 33,
          "column": 25
        }
      },
      "7": {
        "start": {
          "line": 35,
          "column": 4
        },
        "end": {
          "line": 35,
          "column": 63
        }
      },
      "8": {
        "start": {
          "line": 36,
          "column": 4
        },
        "end": {
          "line": 38,
          "column": 6
        }
      },
      "9": {
        "start": {
          "line": 37,
          "column": 6
        },
        "end": {
          "line": 37,
          "column": 66
        }
      },
      "10": {
        "start": {
          "line": 41,
          "column": 23
        },
        "end": {
          "line": 44,
          "column": 3
        }
      },
      "11": {
        "start": {
          "line": 42,
          "column": 17
        },
        "end": {
          "line": 42,
          "column": 39
        }
      },
      "12": {
        "start": {
          "line": 43,
          "column": 4
        },
        "end": {
          "line": 43,
          "column": 16
        }
      },
      "13": {
        "start": {
          "line": 46,
          "column": 24
        },
        "end": {
          "line": 48,
          "column": 3
        }
      },
      "14": {
        "start": {
          "line": 47,
          "column": 4
        },
        "end": {
          "line": 47,
          "column": 14
        }
      },
      "15": {
        "start": {
          "line": 50,
          "column": 2
        },
        "end": {
          "line": 66,
          "column": 4
        }
      },
      "16": {
        "start": {
          "line": 71,
          "column": 13
        },
        "end": {
          "line": 71,
          "column": 26
        }
      }
    },
    "fnMap": {
      "0": {
        "name": "(anonymous_0)",
        "decl": {
          "start": {
            "line": 28,
            "column": 14
          },
          "end": {
            "line": 28,
            "column": 15
          }
        },
        "loc": {
          "start": {
            "line": 28,
            "column": 44
          },
          "end": {
            "line": 67,
            "column": 1
          }
        },
        "line": 28
      },
      "1": {
        "name": "(anonymous_1)",
        "decl": {
          "start": {
            "line": 31,
            "column": 12
          },
          "end": {
            "line": 31,
            "column": 13
          }
        },
        "loc": {
          "start": {
            "line": 31,
            "column": 18
          },
          "end": {
            "line": 39,
            "column": 3
          }
        },
        "line": 31
      },
      "2": {
        "name": "(anonymous_2)",
        "decl": {
          "start": {
            "line": 32,
            "column": 30
          },
          "end": {
            "line": 32,
            "column": 31
          }
        },
        "loc": {
          "start": {
            "line": 32,
            "column": 39
          },
          "end": {
            "line": 34,
            "column": 5
          }
        },
        "line": 32
      },
      "3": {
        "name": "(anonymous_3)",
        "decl": {
          "start": {
            "line": 36,
            "column": 11
          },
          "end": {
            "line": 36,
            "column": 12
          }
        },
        "loc": {
          "start": {
            "line": 36,
            "column": 17
          },
          "end": {
            "line": 38,
            "column": 5
          }
        },
        "line": 36
      },
      "4": {
        "name": "(anonymous_4)",
        "decl": {
          "start": {
            "line": 41,
            "column": 23
          },
          "end": {
            "line": 41,
            "column": 24
          }
        },
        "loc": {
          "start": {
            "line": 41,
            "column": 43
          },
          "end": {
            "line": 44,
            "column": 3
          }
        },
        "line": 41
      },
      "5": {
        "name": "(anonymous_5)",
        "decl": {
          "start": {
            "line": 46,
            "column": 24
          },
          "end": {
            "line": 46,
            "column": 25
          }
        },
        "loc": {
          "start": {
            "line": 46,
            "column": 30
          },
          "end": {
            "line": 48,
            "column": 3
          }
        },
        "line": 46
      }
    },
    "branchMap": {},
    "s": {
      "0": 19,
      "1": 19,
      "2": 19,
      "3": 52,
      "4": 52,
      "5": 19,
      "6": 33,
      "7": 19,
      "8": 19,
      "9": 0,
      "10": 52,
      "11": 15,
      "12": 15,
      "13": 52,
      "14": 1,
      "15": 52,
      "16": 19
    },
    "f": {
      "0": 52,
      "1": 19,
      "2": 33,
      "3": 0,
      "4": 15,
      "5": 1
    },
    "b": {},
    "_coverageSchema": "1a1c01bbd47fc00a2c39e90264f33305004495a9",
    "hash": "14ac32717cfc00e81b8241f1561230bbb3b2a9ec"
  },
  "/Users/User/Projects/connor-devlin-portfolio/components/common/input.js": {
    "path": "/Users/User/Projects/connor-devlin-portfolio/components/common/input.js",
    "statementMap": {
      "0": {
        "start": {
          "line": 8,
          "column": 21
        },
        "end": {
          "line": 100,
          "column": 1
        }
      },
      "1": {
        "start": {
          "line": 35,
          "column": 22
        },
        "end": {
          "line": 48,
          "column": 5
        }
      },
      "2": {
        "start": {
          "line": 49,
          "column": 4
        },
        "end": {
          "line": 98,
          "column": 6
        }
      },
      "3": {
        "start": {
          "line": 102,
          "column": 0
        },
        "end": {
          "line": 123,
          "column": 2
        }
      },
      "4": {
        "start": {
          "line": 125,
          "column": 18
        },
        "end": {
          "line": 136,
          "column": 1
        }
      },
      "5": {
        "start": {
          "line": 128,
          "column": 35
        },
        "end": {
          "line": 128,
          "column": 44
        }
      },
      "6": {
        "start": {
          "line": 129,
          "column": 41
        },
        "end": {
          "line": 129,
          "column": 53
        }
      },
      "7": {
        "start": {
          "line": 130,
          "column": 37
        },
        "end": {
          "line": 130,
          "column": 47
        }
      },
      "8": {
        "start": {
          "line": 131,
          "column": 39
        },
        "end": {
          "line": 131,
          "column": 50
        }
      },
      "9": {
        "start": {
          "line": 138,
          "column": 14
        },
        "end": {
          "line": 141,
          "column": 1
        }
      },
      "10": {
        "start": {
          "line": 143,
          "column": 23
        },
        "end": {
          "line": 151,
          "column": 1
        }
      },
      "11": {
        "start": {
          "line": 153,
          "column": 18
        },
        "end": {
          "line": 165,
          "column": 1
        }
      },
      "12": {
        "start": {
          "line": 162,
          "column": 26
        },
        "end": {
          "line": 162,
          "column": 48
        }
      },
      "13": {
        "start": {
          "line": 167,
          "column": 23
        },
        "end": {
          "line": 199,
          "column": 1
        }
      },
      "14": {
        "start": {
          "line": 201,
          "column": 21
        },
        "end": {
          "line": 206,
          "column": 1
        }
      }
    },
    "fnMap": {
      "0": {
        "name": "(anonymous_0)",
        "decl": {
          "start": {
            "line": 9,
            "column": 2
          },
          "end": {
            "line": 9,
            "column": 3
          }
        },
        "loc": {
          "start": {
            "line": 34,
            "column": 7
          },
          "end": {
            "line": 99,
            "column": 3
          }
        },
        "line": 34
      },
      "1": {
        "name": "(anonymous_1)",
        "decl": {
          "start": {
            "line": 128,
            "column": 16
          },
          "end": {
            "line": 128,
            "column": 17
          }
        },
        "loc": {
          "start": {
            "line": 128,
            "column": 35
          },
          "end": {
            "line": 128,
            "column": 44
          }
        },
        "line": 128
      },
      "2": {
        "name": "(anonymous_2)",
        "decl": {
          "start": {
            "line": 129,
            "column": 19
          },
          "end": {
            "line": 129,
            "column": 20
          }
        },
        "loc": {
          "start": {
            "line": 129,
            "column": 41
          },
          "end": {
            "line": 129,
            "column": 53
          }
        },
        "line": 129
      },
      "3": {
        "name": "(anonymous_3)",
        "decl": {
          "start": {
            "line": 130,
            "column": 17
          },
          "end": {
            "line": 130,
            "column": 18
          }
        },
        "loc": {
          "start": {
            "line": 130,
            "column": 37
          },
          "end": {
            "line": 130,
            "column": 47
          }
        },
        "line": 130
      },
      "4": {
        "name": "(anonymous_4)",
        "decl": {
          "start": {
            "line": 131,
            "column": 18
          },
          "end": {
            "line": 131,
            "column": 19
          }
        },
        "loc": {
          "start": {
            "line": 131,
            "column": 39
          },
          "end": {
            "line": 131,
            "column": 50
          }
        },
        "line": 131
      },
      "5": {
        "name": "(anonymous_5)",
        "decl": {
          "start": {
            "line": 162,
            "column": 11
          },
          "end": {
            "line": 162,
            "column": 12
          }
        },
        "loc": {
          "start": {
            "line": 162,
            "column": 26
          },
          "end": {
            "line": 162,
            "column": 48
          }
        },
        "line": 162
      }
    },
    "branchMap": {
      "0": {
        "loc": {
          "start": {
            "line": 37,
            "column": 15
          },
          "end": {
            "line": 37,
            "column": 45
          }
        },
        "type": "cond-expr",
        "locations": [
          {
            "start": {
              "line": 37,
              "column": 36
            },
            "end": {
              "line": 37,
              "column": 37
            }
          },
          {
            "start": {
              "line": 37,
              "column": 40
            },
            "end": {
              "line": 37,
              "column": 45
            }
          }
        ],
        "line": 37
      },
      "1": {
        "loc": {
          "start": {
            "line": 38,
            "column": 17
          },
          "end": {
            "line": 38,
            "column": 51
          }
        },
        "type": "cond-expr",
        "locations": [
          {
            "start": {
              "line": 38,
              "column": 40
            },
            "end": {
              "line": 38,
              "column": 41
            }
          },
          {
            "start": {
              "line": 38,
              "column": 44
            },
            "end": {
              "line": 38,
              "column": 51
            }
          }
        ],
        "line": 38
      },
      "2": {
        "loc": {
          "start": {
            "line": 39,
            "column": 11
          },
          "end": {
            "line": 39,
            "column": 20
          }
        },
        "type": "cond-expr",
        "locations": [
          {
            "start": {
              "line": 39,
              "column": 15
            },
            "end": {
              "line": 39,
              "column": 16
            }
          },
          {
            "start": {
              "line": 39,
              "column": 19
            },
            "end": {
              "line": 39,
              "column": 20
            }
          }
        ],
        "line": 39
      },
      "3": {
        "loc": {
          "start": {
            "line": 40,
            "column": 11
          },
          "end": {
            "line": 40,
            "column": 20
          }
        },
        "type": "cond-expr",
        "locations": [
          {
            "start": {
              "line": 40,
              "column": 15
            },
            "end": {
              "line": 40,
              "column": 16
            }
          },
          {
            "start": {
              "line": 40,
              "column": 19
            },
            "end": {
              "line": 40,
              "column": 20
            }
          }
        ],
        "line": 40
      },
      "4": {
        "loc": {
          "start": {
            "line": 64,
            "column": 18
          },
          "end": {
            "line": 64,
            "column": 38
          }
        },
        "type": "cond-expr",
        "locations": [
          {
            "start": {
              "line": 64,
              "column": 25
            },
            "end": {
              "line": 64,
              "column": 29
            }
          },
          {
            "start": {
              "line": 64,
              "column": 32
            },
            "end": {
              "line": 64,
              "column": 38
            }
          }
        ],
        "line": 64
      },
      "5": {
        "loc": {
          "start": {
            "line": 76,
            "column": 11
          },
          "end": {
            "line": 95,
            "column": 11
          }
        },
        "type": "binary-expr",
        "locations": [
          {
            "start": {
              "line": 76,
              "column": 11
            },
            "end": {
              "line": 76,
              "column": 16
            }
          },
          {
            "start": {
              "line": 77,
              "column": 12
            },
            "end": {
              "line": 94,
              "column": 28
            }
          }
        ],
        "line": 76
      },
      "6": {
        "loc": {
          "start": {
            "line": 78,
            "column": 18
          },
          "end": {
            "line": 78,
            "column": 38
          }
        },
        "type": "cond-expr",
        "locations": [
          {
            "start": {
              "line": 78,
              "column": 26
            },
            "end": {
              "line": 78,
              "column": 30
            }
          },
          {
            "start": {
              "line": 78,
              "column": 33
            },
            "end": {
              "line": 78,
              "column": 38
            }
          }
        ],
        "line": 78
      }
    },
    "s": {
      "0": 17,
      "1": 306,
      "2": 306,
      "3": 17,
      "4": 17,
      "5": 306,
      "6": 306,
      "7": 306,
      "8": 306,
      "9": 17,
      "10": 17,
      "11": 17,
      "12": 306,
      "13": 17,
      "14": 17
    },
    "f": {
      "0": 306,
      "1": 306,
      "2": 306,
      "3": 306,
      "4": 306,
      "5": 306
    },
    "b": {
      "0": [
        306,
        0
      ],
      "1": [
        306,
        0
      ],
      "2": [
        0,
        306
      ],
      "3": [
        0,
        306
      ],
      "4": [
        153,
        153
      ],
      "5": [
        306,
        0
      ],
      "6": [
        0,
        0
      ]
    },
    "_coverageSchema": "1a1c01bbd47fc00a2c39e90264f33305004495a9",
    "hash": "c1a15b8ad3dc03b9bd303e772a01a498e5d56aa6"
  },
  "/Users/User/Projects/connor-devlin-portfolio/components/common/textLoadingPlaceholder.js": {
    "path": "/Users/User/Projects/connor-devlin-portfolio/components/common/textLoadingPlaceholder.js",
    "statementMap": {
      "0": {
        "start": {
          "line": 5,
          "column": 31
        },
        "end": {
          "line": 52,
          "column": 1
        }
      },
      "1": {
        "start": {
          "line": 16,
          "column": 29
        },
        "end": {
          "line": 23,
          "column": 3
        }
      },
      "2": {
        "start": {
          "line": 25,
          "column": 2
        },
        "end": {
          "line": 51,
          "column": 4
        }
      },
      "3": {
        "start": {
          "line": 56,
          "column": 0
        },
        "end": {
          "line": 66,
          "column": 2
        }
      },
      "4": {
        "start": {
          "line": 68,
          "column": 29
        },
        "end": {
          "line": 82,
          "column": 1
        }
      },
      "5": {
        "start": {
          "line": 70,
          "column": 42
        },
        "end": {
          "line": 70,
          "column": 77
        }
      },
      "6": {
        "start": {
          "line": 71,
          "column": 29
        },
        "end": {
          "line": 71,
          "column": 53
        }
      },
      "7": {
        "start": {
          "line": 72,
          "column": 34
        },
        "end": {
          "line": 72,
          "column": 62
        }
      },
      "8": {
        "start": {
          "line": 73,
          "column": 36
        },
        "end": {
          "line": 73,
          "column": 65
        }
      },
      "9": {
        "start": {
          "line": 74,
          "column": 42
        },
        "end": {
          "line": 74,
          "column": 77
        }
      },
      "10": {
        "start": {
          "line": 75,
          "column": 38
        },
        "end": {
          "line": 75,
          "column": 69
        }
      },
      "11": {
        "start": {
          "line": 76,
          "column": 40
        },
        "end": {
          "line": 76,
          "column": 73
        }
      },
      "12": {
        "start": {
          "line": 84,
          "column": 20
        },
        "end": {
          "line": 100,
          "column": 1
        }
      }
    },
    "fnMap": {
      "0": {
        "name": "(anonymous_0)",
        "decl": {
          "start": {
            "line": 5,
            "column": 31
          },
          "end": {
            "line": 5,
            "column": 32
          }
        },
        "loc": {
          "start": {
            "line": 15,
            "column": 6
          },
          "end": {
            "line": 52,
            "column": 1
          }
        },
        "line": 15
      },
      "1": {
        "name": "(anonymous_1)",
        "decl": {
          "start": {
            "line": 70,
            "column": 19
          },
          "end": {
            "line": 70,
            "column": 20
          }
        },
        "loc": {
          "start": {
            "line": 70,
            "column": 42
          },
          "end": {
            "line": 70,
            "column": 77
          }
        },
        "line": 70
      },
      "2": {
        "name": "(anonymous_2)",
        "decl": {
          "start": {
            "line": 71,
            "column": 12
          },
          "end": {
            "line": 71,
            "column": 13
          }
        },
        "loc": {
          "start": {
[...]
        "loc": {
          "start": {
            "line": 221,
            "column": 4
          },
          "end": {
            "line": 228,
            "column": 5
          }
        },
        "type": "if",
        "locations": [
          {
            "start": {
              "line": 221,
              "column": 4
            },
            "end": {
              "line": 228,
              "column": 5
            }
          },
          {
            "start": {
              "line": 221,
              "column": 4
            },
            "end": {
              "line": 228,
              "column": 5
            }
          }
        ],
        "line": 221
      },
      "22": {
        "loc": {
          "start": {
            "line": 222,
            "column": 6
          },
          "end": {
            "line": 223,
            "column": 63
          }
        },
        "type": "binary-expr",
        "locations": [
          {
            "start": {
              "line": 222,
              "column": 7
            },
            "end": {
              "line": 222,
              "column": 27
            }
          },
          {
            "start": {
              "line": 222,
              "column": 31
            },
            "end": {
              "line": 222,
              "column": 55
            }
          },
          {
            "start": {
              "line": 223,
              "column": 7
            },
            "end": {
              "line": 223,
              "column": 27
            }
          },
          {
            "start": {
              "line": 223,
              "column": 31
            },
            "end": {
              "line": 223,
              "column": 62
            }
          }
        ],
        "line": 222
      },
      "23": {
        "loc": {
          "start": {
            "line": 226,
            "column": 11
          },
          "end": {
            "line": 228,
            "column": 5
          }
        },
        "type": "if",
        "locations": [
          {
            "start": {
              "line": 226,
              "column": 11
            },
            "end": {
              "line": 228,
              "column": 5
            }
          },
          {
            "start": {
              "line": 226,
              "column": 11
            },
            "end": {
              "line": 228,
              "column": 5
            }
          }
        ],
        "line": 226
      },
      "24": {
        "loc": {
          "start": {
            "line": 233,
            "column": 4
          },
          "end": {
            "line": 241,
            "column": 5
          }
        },
        "type": "if",
        "locations": [
          {
            "start": {
              "line": 233,
              "column": 4
            },
            "end": {
              "line": 241,
              "column": 5
            }
          },
          {
            "start": {
              "line": 233,
              "column": 4
            },
            "end": {
              "line": 241,
              "column": 5
            }
          }
        ],
        "line": 233
      },
      "25": {
        "loc": {
          "start": {
            "line": 238,
            "column": 6
          },
          "end": {
            "line": 240,
            "column": 7
          }
        },
        "type": "if",
        "locations": [
          {
            "start": {
              "line": 238,
              "column": 6
            },
            "end": {
              "line": 240,
              "column": 7
            }
          },
          {
            "start": {
              "line": 238,
              "column": 6
            },
            "end": {
              "line": 240,
              "column": 7
            }
          }
        ],
        "line": 238
      },
      "26": {
        "loc": {
          "start": {
            "line": 248,
            "column": 6
          },
          "end": {
            "line": 248,
            "column": 77
          }
        },
        "type": "cond-expr",
        "locations": [
          {
            "start": {
              "line": 248,
              "column": 32
            },
            "end": {
              "line": 248,
              "column": 53
            }
          },
          {
            "start": {
              "line": 248,
              "column": 56
            },
            "end": {
              "line": 248,
              "column": 77
            }
          }
        ],
        "line": 248
      },
      "27": {
        "loc": {
          "start": {
            "line": 311,
            "column": 30
          },
          "end": {
            "line": 313,
            "column": 49
          }
        },
        "type": "cond-expr",
        "locations": [
          {
            "start": {
              "line": 312,
              "column": 6
            },
            "end": {
              "line": 312,
              "column": 22
            }
          },
          {
            "start": {
              "line": 313,
              "column": 6
            },
            "end": {
              "line": 313,
              "column": 49
            }
          }
        ],
        "line": 311
      },
      "28": {
        "loc": {
          "start": {
            "line": 313,
            "column": 6
          },
          "end": {
            "line": 313,
            "column": 49
          }
        },
        "type": "binary-expr",
        "locations": [
          {
            "start": {
              "line": 313,
              "column": 6
            },
            "end": {
              "line": 313,
              "column": 26
            }
          },
          {
            "start": {
              "line": 313,
              "column": 30
            },
            "end": {
              "line": 313,
              "column": 49
            }
          }
        ],
        "line": 313
      },
      "29": {
        "loc": {
          "start": {
            "line": 340,
            "column": 9
          },
          "end": {
            "line": 348,
            "column": 9
          }
        },
        "type": "binary-expr",
        "locations": [
          {
            "start": {
              "line": 340,
              "column": 9
            },
            "end": {
              "line": 340,
              "column": 28
            }
          },
          {
            "start": {
              "line": 341,
              "column": 10
            },
            "end": {
              "line": 347,
              "column": 12
            }
          }
        ],
        "line": 340
      }
    },
    "s": {
      "0": 15,
      "1": 8,
      "2": 8,
      "3": 8,
      "4": 8,
      "5": 8,
      "6": 8,
      "7": 8,
      "8": 8,
      "9": 8,
      "10": 8,
      "11": 8,
      "12": 8,
      "13": 4,
      "14": 0,
      "15": 0,
      "16": 8,
      "17": 4,
      "18": 0,
      "19": 4,
      "20": 0,
      "21": 0,
      "22": 8,
      "23": 0,
      "24": 0,
      "25": 0,
      "26": 0,
      "27": 0,
      "28": 0,
      "29": 0,
      "30": 0,
      "31": 0,
      "32": 0,
      "33": 0,
      "34": 0,
      "35": 8,
      "36": 0,
      "37": 0,
      "38": 0,
      "39": 0,
      "40": 0,
      "41": 0,
      "42": 0,
      "43": 0,
      "44": 0,
      "45": 0,
      "46": 0,
      "47": 0,
      "48": 0,
      "49": 0,
      "50": 0,
      "51": 8,
      "52": 0,
      "53": 0,
      "54": 0,
      "55": 0,
      "56": 0,
      "57": 0,
      "58": 0,
      "59": 0,
      "60": 0,
      "61": 0,
      "62": 0,
      "63": 0,
      "64": 0,
      "65": 0,
      "66": 8,
      "67": 0,
      "68": 0,
      "69": 0,
      "70": 0,
      "71": 0,
      "72": 0,
      "73": 0,
      "74": 0,
      "75": 0,
      "76": 0,
      "77": 0,
      "78": 0,
      "79": 0,
      "80": 0,
      "81": 8,
      "82": 0,
      "83": 0,
      "84": 0,
      "85": 0,
      "86": 0,
      "87": 0,
      "88": 0,
      "89": 8,
      "90": 0,
      "91": 0,
      "92": 0,
      "93": 0,
      "94": 0,
      "95": 8,
      "96": 0,
      "97": 0,
      "98": 0,
      "99": 0,
      "100": 0,
      "101": 0,
      "102": 0,
      "103": 8,
      "104": 0,
      "105": 0,
      "106": 0,
      "107": 0,
      "108": 0,
      "109": 8,
      "110": 0,
      "111": 0,
      "112": 0,
      "113": 0,
      "114": 8,
      "115": 0,
      "116": 8,
      "117": 0,
      "118": 8,
      "119": 0,
      "120": 8,
      "121": 8,
      "122": 8,
      "123": 8,
      "124": 15,
      "125": 15,
      "126": 8,
      "127": 15
    },
    "f": {
      "0": 8,
      "1": 4,
      "2": 0,
      "3": 4,
      "4": 0,
      "5": 0,
      "6": 0,
      "7": 0,
      "8": 0,
      "9": 0,
      "10": 0,
      "11": 0,
      "12": 0,
      "13": 0,
      "14": 0,
      "15": 0,
      "16": 0,
      "17": 0,
      "18": 0,
      "19": 8
    },
    "b": {
      "0": [
        0,
        4
      ],
      "1": [
        4,
        0
      ],
      "2": [
        0,
        4
      ],
      "3": [
        0,
        0
      ],
      "4": [
        0,
        0
      ],
      "5": [
        0,
        0
      ],
      "6": [
        0,
        0
      ],
      "7": [
        0,
        0
      ],
      "8": [
        0,
        0
      ],
      "9": [
        0,
        0
      ],
      "10": [
        0,
        0
      ],
      "11": [
        0,
        0
      ],
      "12": [
        0,
        0
      ],
      "13": [
        0,
        0
      ],
      "14": [
        0,
        0
      ],
      "15": [
        0,
        0
      ],
      "16": [
        0,
        0
      ],
      "17": [
        0,
        0
      ],
      "18": [
        0,
        0
      ],
      "19": [
        0,
        0
      ],
      "20": [
        0,
        0
      ],
      "21": [
        0,
        0
      ],
      "22": [
        0,
        0,
        0,
        0
      ],
      "23": [
        0,
        0
      ],
      "24": [
        0,
        0
      ],
      "25": [
        0,
        0
      ],
      "26": [
        0,
        0
      ],
      "27": [
        0,
        8
      ],
      "28": [
        8,
        8
      ],
      "29": [
        8,
        0
      ]
    },
    "_coverageSchema": "1a1c01bbd47fc00a2c39e90264f33305004495a9",
    "hash": "4a429aa9d486fc2dfe8059f9195d7138de8bd2ff"
  },
  "/Users/User/Projects/connor-devlin-portfolio/components/adminAddContent.js": {
    "path": "/Users/User/Projects/connor-devlin-portfolio/components/adminAddContent.js",
    "statementMap": {
      "0": {
        "start": {
          "line": 3,
          "column": 24
        },
        "end": {
          "line": 5,
          "column": 1
        }
      },
      "1": {
        "start": {
          "line": 4,
          "column": 2
        },
        "end": {
          "line": 4,
          "column": 42
        }
      }
    },
    "fnMap": {
      "0": {
        "name": "(anonymous_0)",
        "decl": {
          "start": {
            "line": 3,
            "column": 24
          },
          "end": {
            "line": 3,
            "column": 25
          }
        },
        "loc": {
          "start": {
            "line": 3,
            "column": 30
          },
          "end": {
            "line": 5,
            "column": 1
          }
        },
        "line": 3
      }
    },
    "branchMap": {},
    "s": {
      "0": 15,
      "1": 4
    },
    "f": {
      "0": 4
    },
    "b": {},
    "_coverageSchema": "1a1c01bbd47fc00a2c39e90264f33305004495a9",
    "hash": "985ca78c351ca963032a5fb0fb4c361071af1c4e"
  },
  "/Users/User/Projects/connor-devlin-portfolio/components/adminEditContent.js": {
    "path": "/Users/User/Projects/connor-devlin-portfolio/components/adminEditContent.js",
    "statementMap": {
      "0": {
        "start": {
          "line": 3,
          "column": 25
        },
        "end": {
          "line": 5,
          "column": 1
        }
      },
      "1": {
        "start": {
          "line": 4,
          "column": 2
        },
        "end": {
          "line": 4,
          "column": 43
        }
      }
    },
    "fnMap": {
      "0": {
        "name": "(anonymous_0)",
        "decl": {
          "start": {
            "line": 3,
            "column": 25
          },
          "end": {
            "line": 3,
            "column": 26
          }
        },
        "loc": {
          "start": {
            "line": 3,
            "column": 31
          },
          "end": {
            "line": 5,
            "column": 1
          }
        },
        "line": 3
      }
    },
    "branchMap": {},
    "s": {
      "0": 15,
      "1": 4
    },
    "f": {
      "0": 4
    },
    "b": {},
    "_coverageSchema": "1a1c01bbd47fc00a2c39e90264f33305004495a9",
    "hash": "afe353aee739051d697782c50905fbeb87ceb162"
  },
  "/Users/User/Projects/connor-devlin-portfolio/pages/admin/[id]/index.js": {
    "path": "/Users/User/Projects/connor-devlin-portfolio/pages/admin/[id]/index.js",
    "statementMap": {
      "0": {
        "start": {
          "line": 14,
          "column": 19
        },
        "end": {
          "line": 40,
          "column": 1
        }
      },
      "1": {
        "start": {
          "line": 15,
          "column": 14
        },
        "end": {
          "line": 15,
          "column": 23
        }
      },
      "2": {
        "start": {
          "line": 16,
          "column": 2
        },
        "end": {
          "line": 39,
          "column": 4
        }
      },
      "3": {
        "start": {
          "line": 85,
          "column": 0
        },
        "end": {
          "line": 90,
          "column": 2
        }
      },
      "4": {
        "start": {
          "line": 92,
          "column": 18
        },
        "end": {
          "line": 95,
          "column": 1
        }
      }
    },
    "fnMap": {
      "0": {
        "name": "(anonymous_0)",
        "decl": {
          "start": {
            "line": 14,
            "column": 19
          },
          "end": {
            "line": 14,
            "column": 20
          }
        },
        "loc": {
          "start": {
            "line": 14,
            "column": 41
          },
          "end": {
            "line": 40,
            "column": 1
          }
        },
        "line": 14
      }
    },
    "branchMap": {
      "0": {
        "loc": {
          "start": {
            "line": 19,
            "column": 7
          },
          "end": {
            "line": 19,
            "column": 52
          }
        },
        "type": "binary-expr",
        "locations": [
          {
            "start": {
              "line": 19,
              "column": 7
            },
            "end": {
              "line": 19,
              "column": 22
            }
          },
          {
            "start": {
              "line": 19,
              "column": 26
            },
            "end": {
              "line": 19,
              "column": 52
            }
          }
        ],
        "line": 19
      },
      "1": {
        "loc": {
          "start": {
            "line": 20,
            "column": 7
          },
          "end": {
            "line": 26,
            "column": 7
          }
        },
        "type": "binary-expr",
        "locations": [
          {
            "start": {
              "line": 20,
              "column": 7
            },
            "end": {
              "line": 20,
              "column": 25
            }
          },
          {
            "start": {
              "line": 21,
              "column": 8
            },
            "end": {
              "line": 25,
              "column": 10
            }
          }
        ],
        "line": 20
      },
      "2": {
        "loc": {
          "start": {
            "line": 27,
            "column": 7
          },
          "end": {
            "line": 33,
            "column": 7
          }
        },
        "type": "binary-expr",
        "locations": [
          {
            "start": {
              "line": 27,
              "column": 7
            },
            "end": {
              "line": 27,
              "column": 26
            }
          },
          {
            "start": {
              "line": 28,
              "column": 8
            },
            "end": {
              "line": 32,
              "column": 10
            }
          }
        ],
        "line": 27
      },
      "3": {
        "loc": {
          "start": {
            "line": 34,
            "column": 7
          },
          "end": {
            "line": 34,
            "column": 63
          }
        },
        "type": "binary-expr",
        "locations": [
          {
            "start": {
              "line": 34,
              "column": 7
            },
            "end": {
              "line": 34,
              "column": 28
            }
          },
          {
            "start": {
              "line": 34,
              "column": 32
            },
            "end": {
              "line": 34,
              "column": 63
            }
          }
        ],
        "line": 34
      },
      "4": {
        "loc": {
          "start": {
            "line": 35,
            "column": 7
          },
          "end": {
            "line": 35,
            "column": 53
          }
        },
        "type": "binary-expr",
        "locations": [
          {
            "start": {
              "line": 35,
              "column": 7
            },
            "end": {
              "line": 35,
              "column": 29
            }
          },
          {
            "start": {
              "line": 35,
              "column": 33
            },
            "end": {
              "line": 35,
              "column": 53
            }
          }
        ],
        "line": 35
      },
      "5": {
        "loc": {
          "start": {
            "line": 36,
            "column": 7
          },
          "end": {
            "line": 36,
            "column": 51
          }
        },
        "type": "binary-expr",
        "locations": [
          {
            "start": {
              "line": 36,
              "column": 7
            },
            "end": {
              "line": 36,
              "column": 28
            }
          },
          {
            "start": {
              "line": 36,
              "column": 32
            },
            "end": {
              "line": 36,
              "column": 51
            }
          }
        ],
        "line": 36
      },
      "6": {
        "loc": {
          "start": {
            "line": 37,
            "column": 7
          },
          "end": {
            "line": 37,
            "column": 53
          }
        },
        "type": "binary-expr",
        "locations": [
          {
            "start": {
              "line": 37,
              "column": 7
            },
            "end": {
              "line": 37,
              "column": 29
            }
          },
          {
            "start": {
              "line": 37,
              "column": 33
            },
            "end": {
              "line": 37,
              "column": 53
            }
          }
        ],
        "line": 37
      }
    },
    "s": {
      "0": 15,
      "1": 14,
      "2": 14,
      "3": 15,
      "4": 15
    },
    "f": {
      "0": 14
    },
    "b": {
      "0": [
        14,
        2
      ],
      "1": [
        14,
        2
      ],
      "2": [
        14,
        2
      ],
      "3": [
        14,
        2
      ],
      "4": [
        14,
        2
      ],
      "5": [
        14,
        2
      ],
      "6": [
        14,
        2
      ]
    },
    "_coverageSchema": "1a1c01bbd47fc00a2c39e90264f33305004495a9",
    "hash": "e59168813b3cfc284a741db872de94b1edfd143c"
  }
}